108	1.20
	0.000000	0.000000	0.000000
docking_megadock/poses/pdb_52.pdb	3.375500	-4.524000	-2.745000
docking_megadock/snx_pose4.pdb	-1.637001	1.602000	45.548000
-0.785398	0.615174	-0.666022	4	97	85	4534.08
0.000000	2.174483	2.653697	98	93	96	4452.24
-1.570796	1.870545	-2.976234	97	101	96	4263.56
-1.570796	1.569311	-3.003978	96	102	97	4249.34
-0.261799	0.418037	1.360082	99	104	101	4168.09
-2.617994	1.696674	-1.253233	98	98	93	4043.17
-2.094395	2.863997	0.549740	97	92	94	3987.63
1.832596	2.592629	0.909713	10	98	81	3965.95
0.000000	1.025536	1.576859	100	102	98	3942.29
-1.570796	1.135813	-2.658866	97	95	99	3938.54
-1.308997	1.545873	-1.877082	9	102	83	3913.58
-1.832596	1.617114	-1.572037	97	104	92	3886.61
1.832596	1.721184	-0.153948	5	87	96	3885.21
0.000000	1.998705	2.370472	2	6	95	3884.43
1.308997	0.618092	2.539118	13	0	93	3883.11
1.047198	1.113094	-0.272241	105	88	98	3856.26
-0.261799	1.869911	2.701025	97	97	95	3849.46
1.570796	1.721184	-0.153948	3	87	95	3847.14
0.261799	1.846342	-1.796954	5	81	97	3831.54
-0.785398	0.866955	-0.931351	4	99	85	3826.29
2.094395	2.396274	-1.959260	97	97	95	3825.81
1.832596	1.417623	-0.202254	103	105	89	3819.43
1.570796	1.756530	-2.105156	22	99	101	3814.76
0.261799	1.242974	-2.977882	98	106	90	3801.86
2.094395	1.869911	2.701025	103	105	93	3799.00
-1.047198	1.869911	2.701025	96	92	100	3795.03
-2.356194	1.846342	-1.796954	11	93	83	3792.74
-0.785398	0.571433	-1.188419	0	98	85	3787.96
0.261799	0.906588	1.252948	100	102	100	3772.37
2.879793	1.870545	-2.976234	106	91	95	3767.21
-0.523599	0.571433	-1.188419	1	98	85	3750.02
2.617994	1.134796	2.434290	101	103	101	3747.65
-1.047198	2.033014	2.977192	97	90	99	3744.19
-1.047198	0.615174	-0.666022	3	97	85	3737.33
-1.047198	1.836682	-0.676006	96	107	91	3736.88
1.832596	1.554776	0.100351	103	105	92	3735.91
-2.094395	1.417623	-0.202254	0	103	83	3735.63
-0.261799	0.914445	2.687814	104	85	104	3729.93
0.785398	1.766067	2.153843	3	98	86	3724.97
0.785398	0.571433	-1.188419	101	98	97	3714.01
-2.094395	1.909857	-0.381669	96	89	96	3712.20
1.047198	1.417623	-0.202254	106	87	95	3710.39
-1.570796	1.448123	-2.163292	96	95	97	3706.01
-1.570796	0.709924	0.218797	96	98	97	3699.80
-3.141593	2.984978	1.954446	99	107	91	3694.28
-3.141593	2.979456	-1.009304	100	100	90	3693.78
2.356194	0.370812	-2.547742	20	99	93	3689.88
0.523599	1.506530	1.988858	16	86	101	3684.95
-2.356194	1.696674	-1.253233	98	95	94	3683.87
-0.261799	1.413430	2.550734	11	107	94	3683.79
2.356194	1.699788	2.452890	105	92	101	3675.07
0.261799	1.135834	-1.431087	13	96	84	3670.71
-2.879793	1.045978	0.343692	101	87	98	3670.32
0.261799	1.050534	3.042579	97	105	91	3669.20
-2.094395	1.135834	-1.431087	96	103	94	3662.04
1.047198	0.866955	-0.931351	15	4	92	3660.03
0.261799	0.496451	0.593859	100	104	101	3659.48
2.617994	2.153910	-1.714959	99	94	95	3655.05
1.047198	1.134796	2.434290	102	86	99	3645.89
-0.523599	0.866955	-0.931351	5	100	85	3640.15
-1.570796	1.325504	-1.671296	101	87	96	3639.26
-2.617994	1.374601	-2.456031	15	105	85	3638.68
-1.570796	1.736875	3.023612	96	102	96	3638.42
1.570796	0.297065	2.160177	13	0	93	3635.92
-2.879793	1.696674	-1.253233	99	100	92	3630.21
-0.785398	1.721184	-0.153948	97	91	99	3628.95
0.785398	1.510910	-0.740472	8	8	88	3624.65
2.617994	2.579248	-2.364801	15	1	87	3615.79
2.879793	1.218453	2.777284	101	98	101	3605.27
1.047198	0.203748	0.590255	102	92	101	3602.63
-2.094395	0.960688	-0.577532	101	86	101	3575.37
0.785398	1.699788	2.452890	4	98	85	3574.65
0.261799	2.979456	-1.009304	100	104	91	3573.71
-1.570796	0.961715	0.014085	95	100	94	3572.76
-3.141593	2.881233	-2.582574	102	96	93	3570.96
-0.785398	2.984978	1.954446	97	92	94	3568.73
0.785398	1.194549	-0.801900	104	98	93	3563.55
-1.570796	1.904882	-1.478089	13	96	84	3560.23
1.047198	1.732874	-0.951685	103	96	94	3558.62
2.356194	2.396274	-1.959260	98	94	95	3549.87
2.617994	1.812176	0.656819	98	97	101	3549.41
0.000000	1.869911	2.701025	97	95	96	3547.41
2.356194	0.700570	1.559208	10	98	90	3546.91
2.094395	0.591903	2.010408	10	100	90	3542.30
-2.094395	0.203748	0.590255	98	90	101	3540.79
-2.356194	1.417623	-0.202254	105	83	98	3537.08
-0.523599	0.618092	2.539118	99	102	97	3535.39
1.047198	0.914445	2.687814	13	106	92	3531.93
-2.094395	0.961715	0.014085	0	83	97	3530.13
-1.832596	0.992645	-1.723759	96	103	93	3528.20
2.356194	2.592629	0.909713	10	100	81	3523.79
-2.617994	2.455966	-0.641220	99	101	87	3521.24
-1.832596	2.863997	0.549740	98	89	94	3520.04
1.047198	2.404280	-0.174044	102	103	88	3517.15
2.356194	0.618092	2.539118	13	85	100	3514.64
-1.047198	1.301460	-0.509251	99	86	97	3510.59
-2.094395	2.404280	-0.174044	98	99	89	3508.95
-2.356194	2.164094	-2.991358	20	105	93	3505.83
-0.523599	1.869911	2.701025	97	99	94	3502.80
1.570796	0.379747	-1.713059	19	101	91	3498.39
-1.570796	1.374601	-2.456031	96	96	97	3497.79
-1.570796	2.164094	-2.991358	98	89	95	3494.89
-2.617994	1.413347	-1.339188	97	99	95	3492.79
-0.261799	1.812176	0.656819	19	103	93	3490.81
0.261799	2.664082	-1.071402	101	102	91	3489.70
2.617994	2.881233	-2.582574	7	83	94	3487.76
-2.879793	2.455966	-0.641220	13	2	86	3487.16
1.308997	2.588535	-2.976617	104	85	94	3483.34
-0.523599	0.762244	-0.273349	99	89	101	3479.28
-1.570796	2.637879	2.121598	96	101	93	3478.37
-0.785398	0.762244	-0.273349	15	86	101	3475.27
1.570796	1.218453	2.777284	100	3	101	3472.69
2.356194	2.881233	-2.582574	4	83	94	3471.72
0.000000	1.846342	-1.796954	1	81	97	3470.06
1.832596	2.379497	0.561089	13	97	82	3468.50
-1.570796	2.349581	-2.702517	97	104	91	3465.76
1.832596	2.295480	1.008277	13	100	82	3465.36
-2.356194	1.134497	-1.109631	95	101	95	3463.80
-2.879793	0.458961	-0.107937	3	105	87	3462.85
-0.261799	1.766067	2.153843	3	5	93	3459.46
2.094395	1.448123	-2.163292	4	84	95	3458.05
0.523599	1.050534	3.042579	97	103	92	3457.89
-0.785398	1.569311	-3.003978	102	11	93	3455.55
-1.570796	1.756530	-2.105156	10	102	83	3455.04
0.785398	1.135813	-2.658866	98	92	94	3454.68
-1.047198	1.875281	0.107086	99	88	98	3453.05
-2.617994	1.134796	2.434290	6	87	101	3440.90
-1.308997	1.756530	-2.105156	10	104	83	3438.67
-1.832596	2.104282	-0.813972	98	92	93	3437.25
-0.523599	0.960688	-0.577532	101	85	99	3436.26
-2.094395	2.979456	-1.009304	8	83	94	3434.90
2.617994	0.914445	2.687814	10	99	85	3434.57
0.261799	0.929350	-2.910676	99	104	89	3432.84
-1.047198	2.164094	-2.991358	96	92	98	3432.04
-1.047198	1.113094	-0.272241	99	86	99	3431.76
-1.570796	2.033014	2.977192	99	88	93	3430.95
-2.094395	0.850607	-1.335383	95	103	95	3428.60
-2.356194	1.741644	-2.695914	18	105	88	3427.94
-1.047198	0.370812	-2.547742	17	107	104	3426.81
1.832596	1.606104	-0.451151	103	104	88	3426.76
-2.356194	1.256302	0.062705	107	102	84	3425.52
2.617994	2.174483	2.653697	19	93	105	3424.15
-1.308997	1.846342	-1.796954	12	101	84	3421.90
0.000000	0.700570	1.559208	8	99	89	3420.36
1.047198	1.510910	-0.740472	104	97	93	3416.89
-2.617994	1.417623	-0.202254	102	85	97	3415.76
0.785398	0.419640	2.974122	13	106	96	3412.95
2.879793	1.045978	0.343692	95	0	97	3405.20
0.261799	2.174483	2.653697	98	91	96	3404.31
2.356194	1.050534	3.042579	9	99	84	3402.80
-2.094395	1.256302	0.062705	107	7	87	3402.64
-1.047198	0.762244	-0.273349	6	96	85	3398.25
2.094395	1.736875	3.023612	102	93	98	3398.10
-1.832596	2.587733	0.232235	5	99	81	3395.52
1.047198	2.349581	-2.702517	100	101	89	3394.92
-1.570796	2.115563	0.685730	94	0	93	3394.62
0.000000	2.343981	-1.040456	17	107	89	3390.98
1.570796	1.256302	0.062705	12	88	88	3390.28
2.617994	2.588535	-2.976617	102	99	92	3385.97
-2.356194	0.961715	0.014085	105	84	97	3385.32
2.094395	2.592629	0.909713	8	100	80	3380.85
-1.570796	1.413347	-1.339188	95	99	93	3380.26
-0.523599	1.569311	-3.003978	100	9	93	3378.04
-3.141593	1.440580	2.260026	5	102	85	3377.86
-0.523599	1.766067	2.153843	4	5	94	3377.45
0.000000	1.766067	2.153843	2	5	93	3377.33
-1.308997	0.762244	-0.273349	6	95	85	3377.10
-1.570796	1.335669	0.897240	7	106	90	3372.09
-2.094395	1.606104	-0.451151	3	104	82	3370.13
2.356194	2.588535	-2.976617	16	0	86	3364.28
2.094395	1.683268	0.374177	13	4	87	3364.28
1.047198	1.194549	-0.801900	102	0	93	3363.51
-0.261799	0.591903	2.010408	8	99	89	3363.31
-2.879793	2.719179	-1.780644	8	84	92	3363.06
-0.523599	2.579248	-2.364801	96	95	97	3362.12
2.094395	0.914445	2.687814	10	84	98	3361.95
-0.523599	2.001437	0.381215	18	103	92	3360.66
-2.356194	1.569311	-3.003978	10	4	86	3359.24
-3.141593	1.448123	-2.163292	8	106	82	3357.79
-3.141593	2.664082	-1.071402	100	101	87	3351.08
-0.523599	2.456751	-1.503343	16	0	89	3350.64
1.570796	0.685216	-1.712745	18	101	87	3347.91
-1.832596	1.417623	-0.202254	1	102	83	3346.80
2.879793	2.393226	1.857173	7	104	81	3346.67
-1.570796	2.187132	-0.479875	98	92	94	3345.00
-3.141593	1.904882	-1.478089	98	102	94	3344.73
-2.356194	0.762244	-0.273349	100	87	100	3340.71
-1.832596	1.045978	0.343692	95	97	96	3337.17
-0.261799	1.998705	2.370472	3	6	95	3335.59
-0.261799	1.488617	1.159546	106	2	90	3334.43
0.523599	0.496451	0.593859	100	104	101	3330.91
1.570796	2.588535	-2.976617	106	84	93	3329.33
-0.261799	0.850607	-1.335383	3	100	84	3328.75
2.356194	0.418037	1.360082	16	94	104	3327.87
-0.523599	0.914445	2.687814	102	86	103	3326.26
-2.617994	1.045978	0.343692	104	85	99	3325.58
2.094395	2.881233	-2.582574	2	82	95	3324.18
-1.832596	0.960688	-0.577532	104	84	101	3322.90
1.308997	0.640596	-2.797608	6	83	90	3321.91
2.617994	1.574060	2.783565	15	106	87	3316.02
-1.570796	0.960688	-0.577532	107	82	101	3312.05
1.570796	1.050534	3.042579	100	3	100	3311.65
1.308997	2.041297	-2.664597	5	10	97	3308.96
0.261799	0.733948	3.021411	98	104	90	3308.48
-2.617994	2.033014	2.977192	20	105	96	3307.32
1.308997	0.615174	-0.666022	103	91	100	3307.14
1.047198	0.762244	-0.273349	104	89	98	3305.75
-0.785398	2.760637	2.781135	3	98	81	3305.74
0.000000	0.914445	2.687814	107	83	104	3303.04
-2.617994	2.724429	-0.348782	99	89	92	3301.18
0.523599	1.413347	-1.339188	7	81	96	3300.96
2.356194	1.683268	0.374177	98	100	98	3298.00
-1.047198	0.458961	-0.107937	12	84	104	3297.95
1.570796	0.864993	2.278281	9	98	88	3296.41
0.523599	2.164094	-2.991358	93	100	97	3295.65
2.094395	1.875281	0.107086	12	6	87	3294.77
1.047198	2.724429	-0.348782	100	103	90	3293.33
1.047198	0.571433	-1.188419	18	102	88	3291.48
-2.617994	1.128190	-2.288622	13	107	84	3291.33
-1.308997	2.343981	-1.040456	104	86	93	3291.01
-0.261799	2.180315	-1.357379	15	106	87	3289.58
1.832596	1.128190	-2.288622	2	83	97	3288.93
-1.570796	0.685216	-1.712745	94	101	96	3288.80
-1.308997	1.869911	2.701025	5	97	83	3286.57
2.094395	2.404280	-0.174044	98	107	89	3286.24
-1.308997	0.961715	0.014085	97	97	95	3285.06
-2.356194	2.724429	-0.348782	101	86	92	3284.88
-1.047198	2.187132	-0.479875	102	86	95	3284.60
-2.617994	1.870545	-2.976234	19	103	91	3284.23
-0.785398	1.606104	-0.451151	95	92	100	3283.86
1.832596	2.588535	-2.976617	11	2	83	3283.75
-1.832596	1.325504	-1.671296	100	89	95	3283.14
0.000000	1.756530	-2.105156	2	81	97	3283.14
-0.261799	1.658653	-2.409879	106	82	98	3280.68
2.094395	2.478122	2.609777	15	87	105	3280.59
-1.832596	0.961715	0.014085	4	83	97	3275.82
2.617994	1.413430	2.550734	16	106	89	3274.66
-1.570796	2.664082	-1.071402	15	87	93	3273.31
0.785398	0.733948	3.021411	13	106	93	3273.17
-2.356194	2.174483	2.653697	9	104	84	3273.07
1.832596	1.050534	3.042579	100	2	100	3271.75
2.094395	2.356369	3.005869	104	6	89	3271.60
-0.785398	1.869911	2.701025	98	87	100	3267.42
-2.356194	2.153910	-1.714959	12	90	85	3266.51
2.356194	2.579248	-2.364801	16	1	88	3264.55
2.356194	1.812176	0.656819	99	99	101	3263.42
-0.523599	1.135813	-2.658866	92	105	97	3261.98
-2.617994	2.164094	-2.991358	20	103	94	3257.87
2.617994	2.104282	-0.813972	15	91	99	3257.73
-1.570796	2.343981	-1.040456	102	88	93	3255.61
2.094395	2.001437	0.381215	12	6	87	3255.23
-2.356194	1.450119	-2.739050	17	107	88	3253.87
1.832596	1.872854	1.543456	17	105	86	3253.18
-2.356194	2.979456	-1.009304	5	82	94	3247.63
-1.308997	2.637879	2.121598	0	99	82	3246.66
-0.261799	1.301460	-0.509251	20	96	92	3246.07
-0.523599	1.014500	0.906702	12	105	90	3245.49
-2.094395	0.571433	-1.188419	98	107	88	3244.65
-2.617994	2.063651	-2.044600	12	92	85	3243.41
1.308997	2.153910	-1.714959	11	2	84	3242.96
-1.832596	2.180315	-1.357379	98	104	88	3240.58
1.047198	2.164094	-2.991358	11	99	84	3238.54
1.832596	1.683268	0.374177	104	104	94	3238.08
0.523599	1.606104	-0.451151	11	9	91	3237.19
-3.141593	0.910508	1.903534	99	4	92	3236.46
-0.785398	2.153910	-1.714959	14	107	87	3235.92
-2.617994	1.869911	2.701025	8	104	85	3233.06
-2.879793	1.113094	-0.272241	9	90	102	3232.51
0.523599	1.846342	-1.796954	9	82	97	3231.15
2.094395	0.615174	-0.666022	0	12	92	3230.73
-0.523599	1.413430	2.550734	96	90	103	3227.98
-0.785398	1.113094	-0.272241	101	85	99	3225.78
-2.094395	1.554776	0.100351	0	6	84	3225.03
-0.523599	0.910508	1.903534	8	97	89	3222.15
1.308997	1.433411	-1.035986	104	95	94	3221.79
-1.570796	0.762244	-0.273349	5	83	94	3219.36
1.047198	1.050534	3.042579	13	0	91	3217.96
2.356194	0.290380	-0.796960	0	14	94	3217.68
1.308997	1.732874	-0.951685	103	95	94	3217.60
-0.785398	1.413430	2.550734	96	91	103	3217.09
1.308997	1.417623	-0.202254	1	87	96	3216.97
1.832596	0.615174	-0.666022	9	86	96	3216.39
2.094395	1.699788	2.452890	104	105	92	3215.83
1.570796	1.870545	-2.976234	20	92	104	3214.92
-0.523599	1.741644	-2.695914	93	94	99	3213.77
-2.617994	0.899350	-2.069907	11	1	84	3213.64
-1.047198	0.419640	2.974122	99	103	96	3213.42
2.617994	0.080730	-2.622036	21	102	95	3211.14
-1.570796	1.846342	-1.796954	12	99	83	3210.75
-1.308997	0.203748	0.590255	20	93	101	3209.23
1.047198	2.396274	-1.959260	93	3	98	3208.69
2.356194	2.299159	2.264663	1	8	82	3208.57
-1.570796	2.104282	-0.813972	99	90	94	3207.96
2.356194	2.760637	2.781135	17	88	99	3207.57
-2.094395	2.295480	1.008277	94	96	97	3207.41
-2.094395	2.456751	-1.503343	100	105	87	3206.04
2.617994	0.640596	-2.797608	20	98	92	3205.35
2.356194	2.001437	0.381215	3	105	82	3204.49
-1.570796	1.450119	-2.739050	96	99	97	3203.94
1.570796	0.733948	3.021411	11	82	104	3203.91
-2.617994	2.343981	-1.040456	98	99	90	3202.65
-0.785398	1.836682	-0.676006	96	103	91	3202.50
0.000000	0.929350	-2.910676	99	106	89	3202.04
-1.570796	1.545873	-1.877082	103	87	94	3201.81
1.047198	2.588535	-2.976617	100	101	89	3201.27
2.094395	1.218453	2.777284	9	83	97	3201.18
-0.785398	1.766067	2.153843	6	0	89	3199.46
-0.785398	1.904882	-1.478089	5	83	96	3197.54
-2.356194	1.870545	-2.976234	19	106	91	3197.01
2.094395	1.050534	3.042579	12	85	94	3196.08
-1.832596	2.295480	1.008277	95	94	97	3195.79
-0.523599	1.982574	-1.115518	98	100	90	3193.79
1.832596	1.218453	2.777284	100	2	101	3193.00
1.047198	1.134497	-1.109631	105	96	91	3191.84
0.000000	2.664082	-1.071402	11	87	97	3191.78
0.523599	2.979456	-1.009304	100	102	91	3191.71
2.094395	1.812176	0.656819	11	4	85	3187.91
1.570796	2.164094	-2.991358	0	82	101	3186.92
0.523599	1.904882	-1.478089	7	82	96	3185.96
-2.617994	2.187132	-0.479875	11	4	86	3184.90
0.523599	1.569311	-3.003978	91	101	101	3184.45
0.261799	1.904882	-1.478089	3	81	96	3184.00
-2.879793	1.904882	-1.478089	17	93	95	3182.74
1.570796	0.960688	-0.577532	8	85	94	3182.65
2.617994	2.349581	-2.702517	15	1	85	3177.05
-0.523599	0.290380	-0.796960	98	99	95	3174.68
-2.094395	1.325504	-1.671296	99	91	95	3172.69
2.356194	2.704512	1.488683	8	100	81	3172.57
-1.308997	1.242974	-2.977882	95	97	100	3171.33
1.308997	1.301460	-0.509251	101	3	93	3171.03
-1.570796	2.979456	-1.009304	104	87	98	3169.88
-2.617994	1.256302	0.062705	103	85	98	3169.78
1.047198	2.033014	2.977192	11	98	84	3169.31
-2.356194	1.374601	-2.456031	15	106	85	3163.68
-0.785398	2.356369	3.005869	92	95	101	3159.38
1.570796	1.741644	-2.695914	20	91	103	3159.28
0.523599	2.356369	3.005869	7	97	83	3158.95
-2.356194	0.418037	1.360082	99	98	100	3158.03
2.356194	2.719179	-1.780644	100	101	89	3156.39
-0.523599	1.870545	-2.976234	93	93	101	3156.07
-0.523599	1.545873	-1.877082	6	96	82	3155.91
0.523599	0.914445	2.687814	97	105	93	3155.51
-2.879793	1.448123	-2.163292	11	107	83	3153.57
2.094395	0.929350	-2.910676	14	87	91	3153.33
-2.617994	2.881233	-2.582574	0	86	97	3152.50
2.879793	1.413430	2.550734	20	95	102	3152.33
0.523599	1.574060	2.783565	18	88	97	3152.20
-1.832596	1.696674	-1.253233	16	104	88	3151.71
-2.617994	1.014500	0.906702	107	100	86	3151.55
0.785398	2.407836	1.410646	11	98	81	3150.42
-1.570796	1.617114	-1.572037	103	86	95	3148.15
-2.879793	2.001437	0.381215	12	93	98	3147.10
1.047198	1.433411	-1.035986	103	96	93	3145.51
0.785398	2.760637	2.781135	103	85	95	3145.14
2.879793	2.984978	1.954446	98	2	91	3144.70
-1.047198	1.756530	-2.105156	11	105	84	3144.38
-0.523599	0.864993	2.278281	9	99	90	3144.23
-2.617994	1.450119	-2.739050	9	3	85	3142.86
-3.141593	0.370812	-2.547742	103	103	95	3141.88
-1.308997	1.448123	-2.163292	8	103	83	3141.18
-2.094395	1.998705	2.370472	8	106	86	3140.86
-0.523599	2.153910	-1.714959	13	107	86	3140.35
-1.570796	2.247462	0.191623	12	105	86	3139.97
-1.308997	1.870545	-2.976234	1	13	94	3137.64
-2.879793	1.128190	-2.288622	12	106	84	3137.25
0.523599	0.379747	-1.713059	99	97	95	3137.09
-1.047198	1.904882	-1.478089	2	83	96	3134.95
-1.308997	2.063651	-2.044600	13	104	85	3134.74
-2.356194	1.413347	-1.339188	97	95	95	3134.50
2.356194	2.247462	0.191623	97	1	91	3133.58
0.000000	2.073035	2.027405	95	101	98	3133.10
1.047198	1.301460	-0.509251	103	3	93	3132.89
0.261799	0.615174	-0.666022	102	97	97	3129.34
0.000000	1.194549	-0.801900	19	98	89	3128.54
2.356194	2.104282	-0.813972	0	86	96	3126.68
2.879793	1.440580	2.260026	6	101	85	3126.50
-2.356194	1.658653	-2.409879	11	3	85	3125.98
-2.356194	2.349581	-2.702517	20	103	93	3125.80
-0.261799	0.961715	0.014085	12	93	85	3125.56
-2.879793	1.374601	-2.456031	13	107	85	3124.45
2.356194	0.914445	2.687814	12	85	98	3122.34
-1.832596	2.979456	-1.009304	11	84	95	3122.22
-1.570796	2.863997	0.549740	101	85	94	3121.94
1.308997	0.960688	-0.577532	106	89	99	3121.86
2.879793	1.135813	-2.658866	19	99	88	3120.96
-2.879793	1.335669	0.897240	9	92	92	3120.82
0.523599	2.251330	-2.330739	94	4	97	3120.67
-1.832596	2.089241	-0.114193	97	87	97	3119.86
-2.617994	1.846342	-1.796954	9	92	83	3119.83
-0.785398	2.349581	-2.702517	94	99	96	3119.11
-2.356194	0.458961	-0.107937	100	86	99	3119.06
1.570796	0.640596	-2.797608	9	84	90	3118.57
-2.356194	0.709924	0.218797	106	83	96	3118.33
1.570796	2.379497	0.561089	13	96	82	3118.19
-1.308997	2.863997	0.549740	7	98	80	3117.21
0.000000	0.418037	1.360082	99	101	101	3116.89
2.617994	1.025536	1.576859	10	99	88	3116.66
-2.094395	2.664082	-1.071402	99	93	96	3115.87
1.832596	1.510910	-0.740472	104	103	85	3114.42
-1.570796	1.256302	0.062705	96	100	92	3113.37
1.047198	1.846342	-1.796954	9	98	80	3113.00
2.356194	1.870545	-2.976234	103	92	97	3112.69
-1.308997	1.417623	-0.202254	98	85	99	3112.65
-3.141593	1.218453	2.777284	101	95	102	3112.50
-2.879793	0.379747	-1.713059	102	14	98	3109.87
0.523599	0.899350	-2.069907	105	101	84	3109.58
1.047198	0.370812	-2.547742	7	83	90	3108.85
2.879793	1.128190	-2.288622	16	101	85	3108.27
-0.523599	2.180315	-1.357379	16	104	87	3108.21
-0.523599	0.850607	-1.335383	1	101	84	3106.99
-1.047198	2.041297	-2.664597	0	12	92	3106.69
-0.785398	1.658653	-2.409879	94	96	96	3106.33
2.617994	0.700570	1.559208	10	100	90	3106.09
-2.094395	1.846342	-1.796954	98	104	90	3105.67
0.523599	1.440580	2.260026	16	86	101	3105.25
2.356194	1.413430	2.550734	103	104	95	3105.03
1.047198	0.618092	2.539118	12	86	103	3104.55
1.570796	1.417623	-0.202254	102	107	91	3104.50
1.832596	0.458961	-0.107937	106	13	94	3102.31
2.879793	1.301460	-0.509251	5	89	96	3101.84
-0.785398	2.187132	-0.479875	105	84	95	3101.26
0.000000	1.510910	-0.740472	101	94	94	3100.92
-2.356194	1.869911	2.701025	8	105	85	3100.83
2.094395	1.721184	-0.153948	105	91	96	3100.63
2.094395	2.041297	-2.664597	99	95	97	3100.32
-2.356194	0.960688	-0.577532	100	87	101	3098.61
2.879793	2.247462	0.191623	3	101	81	3098.61
-2.094395	1.184361	0.625864	96	92	100	3098.48
1.832596	0.419640	2.974122	11	83	105	3097.36
-1.570796	1.045978	0.343692	6	106	88	3093.42
1.047198	0.960688	-0.577532	104	90	99	3093.04
-0.523599	1.756530	-2.105156	95	104	91	3090.51
-2.356194	1.014500	0.906702	96	95	102	3090.43
-1.570796	2.407836	1.410646	94	93	99	3090.26
2.356194	2.478122	2.609777	17	90	106	3089.30
-2.094395	2.033014	2.977192	10	91	98	3089.02
-3.141593	2.719179	-1.780644	13	1	85	3088.69
2.617994	1.683268	0.374177	99	97	98	3088.46
-2.094395	1.413347	-1.339188	96	103	93	3087.81
1.570796	2.984978	1.954446	17	88	100	3087.72
0.000000	1.488617	1.159546	106	1	90	3087.56
-1.570796	1.554776	0.100351	95	106	92	3087.53
2.094395	2.637879	2.121598	7	102	81	3087.50
2.617994	1.135813	-2.658866	18	96	88	3086.96
2.356194	1.869911	2.701025	104	93	100	3086.37
-2.094395	2.587733	0.232235	8	1	82	3084.33
-1.047198	1.545873	-1.877082	9	104	83	3083.47
-0.785398	1.301460	-0.509251	99	97	90	3082.21
-2.356194	2.033014	2.977192	9	89	98	3081.63
-1.047198	1.554776	0.100351	99	86	100	3079.78
-2.356194	1.128190	-2.288622	13	0	84	3079.37
2.879793	2.863997	0.549740	99	92	94	3078.86
-0.523599	2.349581	-2.702517	100	13	99	3078.37
2.356194	1.836682	-0.676006	96	100	93	3078.34
-2.356194	1.617114	-1.572037	2	107	80	3077.54
-0.523599	1.218453	2.777284	102	85	101	3075.31
-1.047198	2.478122	2.609777	93	92	102	3075.06
-1.047198	1.242974	-2.977882	95	97	99	3074.99
-0.261799	1.050534	3.042579	106	83	103	3074.63
0.785398	2.588535	-2.976617	99	88	97	3073.60
-0.785398	2.164094	-2.991358	96	92	98	3073.38
-1.047198	2.979456	-1.009304	0	85	98	3073.22
0.261799	0.850607	-1.335383	14	94	85	3073.11
0.785398	1.846342	-1.796954	14	84	97	3071.66
1.047198	2.001437	0.381215	7	99	80	3071.46
0.785398	1.870545	-2.976234	99	90	99	3069.11
0.785398	1.135834	-1.431087	13	99	83	3068.66
-0.785398	1.741644	-2.695914	104	11	92	3066.15
1.570796	1.433411	-1.035986	0	102	82	3065.37
-0.523599	2.760637	2.781135	3	98	81	3064.96
-0.523599	2.295480	1.008277	14	105	88	3064.95
-1.308997	2.979456	-1.009304	106	86	98	3064.91
1.832596	1.134497	-1.109631	22	99	102	3064.43
-2.617994	0.615174	-0.666022	6	105	86	3063.74
2.356194	0.733948	3.021411	15	87	94	3062.37
-3.141593	0.496451	0.593859	100	86	96	3062.28
2.617994	2.984978	1.954446	98	5	91	3061.75
-2.617994	0.910508	1.903534	4	103	88	3061.39
-0.261799	2.174483	2.653697	97	95	95	3060.68
1.570796	2.579248	-2.364801	101	102	88	3060.06
0.261799	2.343981	-1.040456	16	2	90	3060.01
-0.261799	2.664082	-1.071402	10	86	97	3059.31
-2.617994	0.709924	0.218797	101	85	99	3059.29
-2.879793	0.370812	-2.547742	7	11	91	3058.28
0.523599	0.290380	-0.796960	101	99	96	3058.05
-0.261799	2.396274	-1.959260	96	95	96	3057.89
2.094395	2.174483	2.653697	102	103	93	3057.87
0.261799	2.760637	2.781135	99	89	94	3057.70
-0.523599	2.063651	-2.044600	0	5	83	3057.50
0.261799	1.982574	-1.115518	17	91	99	3056.71
2.879793	0.080730	-2.622036	21	105	94	3056.49
1.308997	1.134796	2.434290	105	84	99	3056.33
0.261799	1.413347	-1.339188	4	80	96	3055.72
0.523599	1.184361	0.625864	99	3	102	3055.59
-1.832596	0.866395	-2.492918	5	88	97	3055.56
2.879793	0.831641	0.616218	11	95	91	3055.18
-1.308997	1.721184	-0.153948	96	100	92	3054.79
-1.570796	2.153910	-1.714959	16	99	86	3054.63
-2.356194	0.203748	0.590255	96	92	100	3053.87
0.785398	2.396274	-1.959260	9	0	83	3053.21
-1.047198	1.417623	-0.202254	14	86	99	3052.93
0.261799	0.700570	1.559208	12	8	99	3052.58
2.617994	1.870545	-2.976234	105	91	96	3052.13
1.832596	0.297065	2.160177	12	2	93	3050.47
0.785398	2.164094	-2.991358	99	102	91	3049.65
0.261799	0.864993	2.278281	107	83	105	3049.19
-2.356194	2.719179	-1.780644	14	87	91	3048.16
2.879793	2.456751	-1.503343	16	4	90	3047.20
1.832596	0.899350	-2.069907	19	99	87	3046.56
-1.832596	1.869911	2.701025	11	92	105	3045.22
1.832596	2.881233	-2.582574	107	82	96	3045.12
-1.308997	1.741644	-2.695914	96	98	97	3044.72
-3.141593	2.579248	-2.364801	102	98	93	3043.81
2.879793	0.914445	2.687814	100	97	101	3043.27
1.308997	0.203748	0.590255	18	94	95	3042.94
2.356194	0.674054	1.013609	10	94	90	3042.32
-2.617994	1.736875	3.023612	20	105	93	3042.03
0.000000	1.574060	2.783565	97	96	94	3041.15
-2.094395	2.579248	-2.364801	20	101	92	3039.59
1.308997	1.909857	-0.381669	2	87	96	3038.81
-1.570796	2.379497	0.561089	3	97	82	3038.11
1.832596	1.448123	-2.163292	0	84	96	3036.82
-0.785398	0.297065	2.160177	98	101	99	3036.74
-1.047198	2.760637	2.781135	2	98	81	3036.55
-2.879793	2.299159	2.264663	3	104	81	3034.80
0.785398	2.251330	-2.330739	93	2	97	3034.14
0.785398	2.041297	-2.664597	6	80	97	3033.19
1.832596	1.256302	0.062705	103	105	90	3032.40
1.308997	1.113094	-0.272241	103	95	100	3032.03
1.308997	1.870545	-2.976234	18	90	105	3031.29
0.523599	2.760637	2.781135	101	87	95	3030.40
-3.141593	1.256302	0.062705	8	90	105	3030.19
-2.879793	1.301460	-0.509251	8	90	103	3029.56
1.570796	0.910508	1.903534	16	89	102	3029.50
1.047198	1.617114	-1.572037	17	87	101	3029.41
-0.785398	1.417623	-0.202254	96	91	100	3028.74
-2.879793	2.881233	-2.582574	106	87	98	3028.20
2.879793	0.419640	2.974122	21	97	95	3027.45
1.047198	2.478122	2.609777	106	83	97	3027.20
-1.047198	1.574060	2.783565	13	100	93	3026.48
2.879793	1.741644	-2.695914	105	91	93	3025.63
1.832596	2.164094	-2.991358	3	82	101	3025.51
-0.523599	1.050534	3.042579	103	85	102	3024.78
2.356194	1.736875	3.023612	104	92	98	3024.02
-1.308997	2.349581	-2.702517	99	89	94	3021.94
-0.785398	2.180315	-1.357379	4	84	93	3020.56
-1.308997	1.574060	2.783565	13	98	93	3019.68
-0.261799	1.846342	-1.796954	106	82	97	3018.77
2.879793	2.979456	-1.009304	102	11	98	3017.32
-0.785398	1.374601	-2.456031	94	95	98	3017.12
2.879793	0.864993	2.278281	99	4	95	3016.76
1.308997	1.721184	-0.153948	104	94	93	3016.04
-2.094395	0.866395	-2.492918	4	88	97	3015.83
2.094395	0.700570	1.559208	10	96	89	3015.80
-1.570796	0.929350	-2.910676	10	94	90	3014.89
-3.141593	1.045978	0.343692	99	91	97	3013.94
2.879793	2.478122	2.609777	21	100	101	3013.36
0.261799	0.080730	-2.622036	17	95	104	3012.90
-1.047198	1.050534	3.042579	95	98	100	3011.65
0.000000	2.164094	-2.991358	98	96	92	3010.09
-0.523599	2.984978	1.954446	99	88	94	3009.22
-1.570796	1.977582	0.969896	9	85	107	3008.88
0.000000	2.719179	-1.780644	97	98	93	3008.01
-0.785398	2.881233	-2.582574	97	99	94	3007.92
-1.832596	1.569311	-3.003978	96	104	97	3007.29
-0.523599	1.450119	-2.739050	93	93	101	3007.18
2.094395	1.606104	-0.451151	102	102	88	3007.14
-1.047198	2.299159	2.264663	8	1	88	3007.04
-0.523599	0.418037	1.360082	98	106	100	3005.31
-2.879793	0.762244	-0.273349	95	107	92	3005.10
-1.832596	0.203748	0.590255	98	99	98	3004.48
-1.047198	1.741644	-2.695914	107	11	92	3004.02
-0.785398	2.979456	-1.009304	2	85	98	3003.27
2.094395	1.417623	-0.202254	102	103	90	3002.74
1.832596	1.504028	0.636812	15	4	89	3002.70
2.879793	1.310100	1.488307	100	104	96	3002.65
-1.832596	1.391910	3.030322	96	92	99	3002.11
-2.094395	2.089241	-0.114193	97	87	98	3001.97
0.523599	1.756530	-2.105156	11	83	100	3001.71
-3.141593	1.391910	3.030322	102	95	101	3001.57
2.617994	2.704512	1.488683	7	101	81	3000.67
1.570796	2.704512	1.488683	3	84	101	3000.46
2.617994	1.982574	-1.115518	17	92	101	3000.21
-1.308997	2.379497	0.561089	4	96	81	2999.93
2.094395	1.870545	-2.976234	101	93	97	2998.82
0.523599	1.555207	1.708892	17	86	100	2998.49
-1.832596	1.948085	-2.363031	7	2	82	2997.99
-0.523599	2.343981	-1.040456	6	84	92	2997.94
-0.785398	1.128190	-2.288622	94	94	98	2997.93
-1.570796	1.721184	-0.153948	97	87	98	2997.89
-1.047198	2.295480	1.008277	16	91	104	2997.24
-1.570796	1.184361	0.625864	6	5	96	2997.08
-2.094395	1.904882	-1.478089	99	104	90	2997.00
1.308997	1.256302	0.062705	9	86	88	2993.19
1.308997	1.050534	3.042579	10	81	103	2992.54
-0.523599	1.658653	-2.409879	104	83	97	2992.14
-1.832596	2.984978	1.954446	99	90	96	2992.08
-1.047198	2.104282	-0.813972	96	106	90	2991.83
1.832596	2.115563	0.685730	14	8	90	2991.79
-0.785398	2.379497	0.561089	98	101	92	2991.74
0.785398	0.458961	-0.107937	101	90	97	2990.45
0.785398	2.349581	-2.702517	99	104	89	2990.45
1.570796	2.247462	0.191623	15	94	83	2990.26
-2.094395	1.195355	1.200319	8	5	93	2989.64
2.356194	0.929350	-2.910676	9	101	82	2989.45
-2.356194	1.721184	-0.153948	5	6	86	2989.28
2.879793	0.674054	1.013609	11	98	91	2988.00
2.094395	1.909857	-0.381669	16	91	87	2987.39
-1.047198	1.606104	-0.451151	95	107	91	2987.34
-3.141593	1.699788	2.452890	1	89	103	2987.09
1.570796	1.606104	-0.451151	104	94	95	2987.01
-2.094395	2.180315	-1.357379	98	106	88	2986.22
-0.523599	2.251330	-2.330739	95	95	97	2986.09
-1.832596	1.310100	1.488307	3	94	87	2985.81
2.617994	1.998705	2.370472	22	99	103	2985.45
-0.261799	0.685216	-1.712745	107	99	84	2985.15
-2.094395	1.310100	1.488307	3	95	87	2984.80
0.523599	1.732874	-0.951685	8	81	100	2984.73
2.879793	0.418037	1.360082	10	98	89	2984.65
2.879793	2.881233	-2.582574	11	84	94	2983.99
-1.570796	2.587733	0.232235	99	98	91	2983.98
2.879793	1.025536	1.576859	10	100	89	2983.94
-1.047198	2.379497	0.561089	97	102	93	2983.92
0.785398	1.134497	-1.109631	7	95	80	2983.73
2.356194	2.164094	-2.991358	102	92	99	2983.21
-1.570796	1.574060	2.783565	94	6	97	2983.06
1.047198	1.545873	-1.877082	17	87	101	2982.98
1.832596	0.709924	0.218797	106	89	104	2981.14
1.308997	0.914445	2.687814	106	83	97	2980.95
1.832596	2.719179	-1.780644	99	106	87	2979.74
0.000000	2.104282	-0.813972	19	104	89	2979.57
-1.570796	1.391910	3.030322	12	95	92	2979.54
2.879793	0.910508	1.903534	102	6	91	2979.51
-0.785398	1.218453	2.777284	97	101	95	2978.77
-0.261799	1.736875	3.023612	98	97	92	2976.02
-1.047198	1.948085	-2.363031	96	97	96	2975.22
-0.261799	2.579248	-2.364801	102	13	95	2974.23
1.832596	1.812176	0.656819	13	6	89	2973.26
1.570796	0.591903	2.010408	14	89	105	2972.97
-1.570796	0.458961	-0.107937	4	94	85	2972.88
1.570796	1.510910	-0.740472	104	94	94	2971.00
-2.094395	1.617114	-1.572037	98	92	95	2970.95
0.785398	1.574060	2.783565	21	93	101	2970.60
-1.570796	0.733948	3.021411	9	95	90	2970.46
-2.356194	0.496451	0.593859	96	93	100	2969.90
-1.832596	0.929350	-2.910676	9	92	91	2969.55
-1.047198	1.391910	3.030322	94	101	98	2969.40
1.570796	0.961715	0.014085	12	88	90	2968.53
1.832596	2.073035	2.027405	16	1	87	2968.46
-3.141593	1.301460	-0.509251	8	90	97	2966.94
2.879793	0.709924	0.218797	97	95	95	2966.74
-0.261799	0.618092	2.539118	104	86	105	2966.61
1.047198	2.579248	-2.364801	98	106	88	2966.18
0.523599	0.906588	1.252948	105	86	99	2966.15
-1.308997	1.413347	-1.339188	95	96	94	2966.14
-0.261799	0.379747	-1.713059	105	98	85	2965.94
0.261799	1.662363	0.915448	9	8	96	2965.55
-1.832596	0.709924	0.218797	5	1	89	2964.87
-2.879793	2.592629	0.909713	99	90	95	2964.82
0.523599	2.478122	2.609777	101	87	96	2964.47
1.308997	2.579248	-2.364801	100	104	88	2964.24
2.617994	0.674054	1.013609	10	96	91	2963.61
-3.141593	1.506530	1.988858	7	100	85	2962.97
-1.832596	1.909857	-0.381669	6	103	82	2962.94
-1.570796	1.218453	2.777284	8	92	91	2962.41
0.523599	0.733948	3.021411	99	102	91	2961.63
-1.308997	2.104282	-0.813972	101	87	95	2961.38
-0.523599	1.836682	-0.676006	2	10	96	2961.12
0.523599	1.869911	2.701025	98	90	96	2960.58
0.785398	0.831641	0.616218	7	100	87	2959.63
-2.879793	1.134796	2.434290	4	86	101	2958.78
0.000000	0.674054	1.013609	99	105	101	2958.73
2.617994	1.045978	0.343692	96	3	97	2958.67
-0.261799	2.073035	2.027405	98	88	99	2956.92
-0.785398	1.247695	1.809890	12	104	92	2955.24
2.617994	0.733948	3.021411	19	93	95	2955.02
-2.356194	0.906588	1.252948	6	103	88	2955.00
-1.832596	2.247462	0.191623	97	98	92	2954.65
-3.141593	1.413430	2.550734	1	88	103	2953.69
2.879793	2.164094	-2.991358	106	90	95	2953.64
1.832596	2.478122	2.609777	100	102	94	2952.95
1.047198	1.870545	-2.976234	6	8	96	2951.88
0.000000	0.866955	-0.931351	18	95	88	2951.13
-2.879793	2.579248	-2.364801	102	96	93	2950.77
-1.570796	2.001437	0.381215	96	97	94	2950.76
0.261799	1.617114	-1.572037	12	101	84	2950.54
0.785398	1.836682	-0.676006	103	100	92	2949.43
-1.832596	2.404280	-0.174044	13	107	87	2948.79
-2.879793	1.617114	-1.572037	99	100	92	2948.36
1.832596	1.824694	1.850876	18	0	88	2947.78
1.308997	1.683268	0.374177	6	89	82	2947.32
-2.356194	0.850607	-1.335383	95	107	95	2947.19
-1.832596	1.335669	0.897240	8	3	93	2946.87
0.523599	0.419640	2.974122	99	101	90	2946.85
2.617994	1.128190	-2.288622	16	99	85	2946.71
0.785398	2.174483	2.653697	100	100	94	2946.62
-1.047198	2.455966	-0.641220	104	86	94	2945.72
-1.832596	1.870545	-2.976234	96	105	95	2945.28
-2.617994	2.592629	0.909713	4	10	92	2944.00
2.094395	1.982574	-1.115518	23	103	96	2943.87
2.617994	1.554776	0.100351	98	98	95	2943.07
-2.356194	2.881233	-2.582574	21	100	94	2942.87
-2.879793	2.180315	-1.357379	99	99	91	2941.87
-3.141593	1.242974	-2.977882	14	8	92	2941.67
-2.879793	1.948085	-2.363031	100	94	98	2941.37
-0.261799	1.909857	-0.381669	17	87	99	2941.32
-0.785398	2.455966	-0.641220	106	85	94	2941.10
-1.047198	1.846342	-1.796954	12	103	84	2940.16
-2.356194	1.998705	2.370472	9	105	85	2940.15
2.356194	2.356369	3.005869	104	92	95	2939.69
1.570796	1.134497	-1.109631	22	96	102	2939.63
-0.785398	2.063651	-2.044600	97	96	94	2939.51
0.785398	1.374601	-2.456031	98	92	94	2939.02
-3.141593	0.203748	0.590255	100	87	94	2938.97
0.785398	1.413430	2.550734	5	98	86	2938.83
-2.617994	2.719179	-1.780644	12	86	91	2938.20
0.785398	1.134796	2.434290	100	89	97	2938.15
0.523599	1.599406	1.426070	17	86	99	2937.98
-0.261799	1.555207	1.708892	1	82	86	2937.87
2.617994	1.367556	0.358405	95	1	97	2936.95
1.832596	0.591903	2.010408	12	1	90	2936.13
-1.047198	0.960688	-0.577532	6	98	84	2935.93
1.308997	1.699788	2.452890	21	96	106	2935.61
1.047198	0.831641	0.616218	9	101	86	2935.52
0.785398	1.909857	-0.381669	103	101	90	2935.52
2.617994	2.247462	0.191623	4	103	81	2935.33
1.832596	1.696674	-1.253233	22	100	102	2934.96
2.356194	1.218453	2.777284	100	104	99	2934.84
-1.308997	0.458961	-0.107937	4	96	85	2934.15
-0.261799	2.033014	2.977192	98	97	94	2933.26
1.047198	2.187132	-0.479875	21	98	99	2933.22
-0.523599	1.195355	1.200319	12	107	92	2932.47
0.000000	1.836682	-0.676006	20	101	90	2932.29
-3.141593	2.343981	-1.040456	11	87	96	2932.17
-2.356194	1.184361	0.625864	94	96	99	2932.16
-1.308997	1.904882	-1.478089	107	84	95	2931.67
-0.261799	1.756530	-2.105156	107	82	97	2931.06
-0.261799	2.456751	-1.503343	15	1	88	2930.16
0.523599	2.404280	-0.174044	13	86	101	2930.14
0.523599	0.866955	-0.931351	101	96	96	2930.01
-2.617994	2.396274	-1.959260	13	89	87	2929.06
-2.617994	2.588535	-2.976617	21	102	95	2928.13
2.617994	1.134497	-1.109631	19	95	99	2927.93
1.832596	1.391910	3.030322	7	95	83	2927.47
-1.308997	1.510910	-0.740472	98	88	95	2927.18
-1.308997	2.455966	-0.641220	101	88	95	2926.95
-1.832596	1.904882	-1.478089	98	103	91	2925.29
2.094395	0.762244	-0.273349	16	92	92	2924.86
-2.879793	0.709924	0.218797	99	88	98	2924.83
1.832596	1.998705	2.370472	106	4	87	2924.66
2.094395	1.696674	-1.253233	22	103	100	2923.53
-2.356194	1.247695	1.809890	1	95	88	2923.37
2.356194	0.864993	2.278281	100	104	99	2923.36
2.617994	2.041297	-2.664597	15	3	86	2922.48
-0.785398	2.041297	-2.664597	96	92	97	2921.20
0.000000	1.242974	-2.977882	98	0	89	2921.04
-2.094395	2.174483	2.653697	8	104	84	2920.63
2.879793	0.379747	-1.713059	4	13	92	2919.60
2.356194	0.591903	2.010408	8	5	89	2919.45
-0.785398	1.662363	0.915448	9	95	84	2919.04
2.617994	2.164094	-2.991358	102	100	91	2918.97
-0.261799	1.391910	3.030322	106	82	100	2918.72
-1.832596	2.592629	0.909713	96	93	96	2918.52
1.832596	1.574060	2.783565	6	82	96	2918.27
2.617994	2.001437	0.381215	14	6	89	2917.98
-2.879793	0.864993	2.278281	3	104	89	2915.55
-2.356194	1.335669	0.897240	94	0	94	2915.42
-0.523599	0.866395	-2.492918	92	105	98	2914.33
-0.261799	0.297065	2.160177	98	103	98	2914.01
1.308997	1.617114	-1.572037	19	90	101	2913.97
1.570796	0.419640	2.974122	8	82	99	2913.82
-2.356194	1.824694	1.850876	97	8	92	2913.55
2.356194	1.134796	2.434290	103	103	95	2913.40
0.523599	1.948085	-2.363031	95	2	95	2912.55
1.047198	2.664082	-1.071402	96	100	93	2912.48
1.570796	1.413347	-1.339188	21	95	100	2912.46
1.832596	2.984978	1.954446	19	92	100	2912.40
2.879793	1.367556	0.358405	94	107	97	2912.35
-0.523599	1.617114	-1.572037	9	95	82	2912.21
-2.879793	0.203748	0.590255	103	84	94	2912.13
-1.308997	2.164094	-2.991358	1	13	94	2912.06
-3.141593	1.367556	0.358405	99	91	98	2910.80
-1.308997	0.960688	-0.577532	2	98	83	2909.58
-2.617994	1.335669	0.897240	0	98	85	2909.49
0.000000	1.658653	-2.409879	4	81	99	2909.41
-0.785398	1.433411	-1.035986	12	89	86	2908.26
-1.308997	1.450119	-2.739050	103	102	85	2907.34
0.523599	0.674054	1.013609	8	100	88	2907.00
0.785398	1.413347	-1.339188	9	81	98	2906.75
1.308997	0.961715	0.014085	9	86	90	2905.55
2.617994	0.618092	2.539118	99	6	100	2904.96
0.523599	1.367556	0.358405	9	82	93	2904.55
-2.094395	2.041297	-2.664597	11	3	85	2904.35
-2.356194	2.063651	-2.044600	101	91	99	2904.31
1.832596	2.153910	-1.714959	97	100	88	2904.01
1.308997	0.591903	2.010408	10	86	105	2903.31
1.570796	1.569311	-3.003978	20	92	106	2902.94
1.832596	0.762244	-0.273349	14	89	93	2902.88
-1.047198	2.343981	-1.040456	105	85	93	2902.65
-2.879793	2.456751	-1.503343	13	5	88	2902.49
0.000000	2.089241	-0.114193	19	89	100	2901.80
0.261799	0.640596	-2.797608	100	102	88	2901.62
1.570796	0.203748	0.590255	104	88	101	2901.30
0.261799	1.869911	2.701025	98	93	95	2901.16
-0.261799	1.242974	-2.977882	107	82	102	2900.79
1.570796	1.696674	-1.253233	105	100	82	2900.46
-2.617994	1.301460	-0.509251	1	107	82	2900.29
-1.047198	0.899350	-2.069907	94	94	98	2899.92
-3.141593	2.180315	-1.357379	96	99	96	2899.50
2.094395	2.587733	0.232235	11	101	81	2898.75
-2.356194	1.504028	0.636812	94	97	99	2898.64
0.261799	1.569311	-3.003978	90	103	101	2898.20
-1.047198	1.662363	0.915448	7	95	84	2897.90
2.617994	2.379497	0.561089	96	97	100	2897.68
2.879793	2.104282	-0.813972	17	94	100	2897.46
1.570796	2.041297	-2.664597	106	83	99	2896.76
-2.094395	2.984978	1.954446	95	94	98	2895.70
-1.832596	2.164094	-2.991358	96	105	92	2895.64
0.000000	0.762244	-0.273349	11	92	85	2895.31
-1.308997	1.134796	2.434290	9	2	88	2894.60
-2.356194	1.195355	1.200319	10	5	94	2894.26
-2.094395	1.128190	-2.288622	13	1	84	2894.08
2.879793	0.733948	3.021411	21	97	94	2893.88
0.261799	2.356369	3.005869	7	96	83	2893.62
-1.832596	1.982574	-1.115518	99	90	94	2892.80
-0.523599	2.041297	-2.664597	96	90	97	2891.73
-0.523599	1.909857	-0.381669	15	85	100	2891.65
-0.785398	2.588535	-2.976617	94	96	97	2891.15
0.785398	0.929350	-2.910676	11	102	86	2890.84
-0.261799	0.910508	1.903534	9	100	89	2890.16
-2.879793	1.247695	1.809890	7	102	87	2889.97
2.617994	1.050534	3.042579	97	5	101	2889.74
-2.356194	1.909857	-0.381669	7	6	86	2889.43
1.832596	2.704512	1.488683	10	102	81	2889.20
1.570796	1.554776	0.100351	10	89	85	2888.96
-1.570796	1.982574	-1.115518	96	103	89	2888.37
0.523599	2.174483	2.653697	99	89	97	2887.12
2.617994	1.699788	2.452890	16	103	87	2886.92
0.000000	0.992645	-1.723759	94	2	99	2886.65
-0.785398	1.214854	-1.966664	3	83	95	2886.48
2.094395	0.370812	-2.547742	20	97	93	2885.68
-2.879793	0.914445	2.687814	102	92	102	2885.44
-1.570796	0.864993	2.278281	3	106	88	2884.94
0.785398	1.683268	0.374177	12	85	89	2884.88
0.261799	2.455966	-0.641220	11	86	99	2884.71
1.047198	0.961715	0.014085	106	87	96	2884.27
0.785398	0.866955	-0.931351	102	94	96	2883.77
0.523599	2.033014	2.977192	4	79	101	2883.30
1.570796	0.700570	1.559208	8	6	91	2883.06
0.000000	2.033014	2.977192	97	95	93	2882.93
1.047198	1.391910	3.030322	7	102	85	2882.80
1.570796	1.367556	0.358405	103	106	92	2881.57
0.523599	1.699788	2.452890	17	87	100	2881.33
1.308997	2.164094	-2.991358	18	89	102	2880.97
1.570796	1.450119	-2.739050	20	91	104	2879.86
-2.617994	2.979456	-1.009304	1	82	94	2879.85
2.094395	2.089241	-0.114193	100	0	88	2879.74
-1.832596	1.242974	-2.977882	9	92	92	2879.54
1.570796	1.545873	-1.877082	13	97	81	2879.33
2.617994	0.418037	1.360082	11	100	90	2878.85
-1.308997	1.374601	-2.456031	96	94	97	2878.72
0.000000	1.741644	-2.695914	10	89	86	2878.58
-1.832596	1.756530	-2.105156	17	106	86	2878.36
-1.570796	0.619654	-2.216909	3	11	91	2878.01
-0.261799	1.014500	0.906702	11	106	89	2877.83
1.570796	1.904882	-1.478089	99	103	85	2877.31
2.356194	1.756530	-2.105156	0	12	93	2877.17
2.356194	0.080730	-2.622036	21	99	94	2876.83
-1.047198	2.984978	1.954446	95	95	95	2876.60
1.047198	2.041297	-2.664597	91	97	104	2876.47
-0.523599	1.846342	-1.796954	8	99	81	2876.23
-2.879793	2.104282	-0.813972	19	103	97	2875.95
-0.261799	2.153910	-1.714959	2	5	82	2875.87
1.047198	2.174483	2.653697	19	91	107	2875.69
-1.047198	2.349581	-2.702517	16	98	100	2875.54
-2.617994	1.617114	-1.572037	4	106	80	2875.06
2.094395	0.866395	-2.492918	15	90	87	2874.89
1.047198	0.864993	2.278281	101	86	100	2874.85
-1.047198	0.619654	-2.216909	92	104	97	2874.30
2.879793	0.929350	-2.910676	20	98	92	2874.23
-0.523599	1.113094	-0.272241	20	92	96	2874.04
2.094395	0.458961	-0.107937	103	13	95	2873.30
2.094395	2.138223	1.678323	15	1	86	2873.16
0.261799	1.756530	-2.105156	6	81	98	2873.07
1.308997	2.180315	-1.357379	12	3	85	2872.68
2.879793	2.349581	-2.702517	13	87	89	2872.26
1.047198	1.045978	0.343692	5	100	86	2872.18
0.785398	2.455966	-0.641220	101	101	89	2871.62
-3.141593	1.050534	3.042579	106	106	89	2871.52
1.570796	0.458961	-0.107937	0	14	95	2871.12
1.832596	0.960688	-0.577532	11	87	94	2870.76
-0.261799	2.343981	-1.040456	9	84	92	2870.13
-2.094395	2.349581	-2.702517	20	107	94	2869.80
-0.261799	0.960688	-0.577532	20	95	91	2869.68
-2.879793	1.050534	3.042579	104	91	102	2869.41
0.523599	2.664082	-1.071402	100	100	91	2869.37
-1.570796	1.741644	-2.695914	4	101	81	2868.96
-1.308997	1.982574	-1.115518	96	107	90	2868.26
0.000000	2.760637	2.781135	97	91	95	2868.05
-2.879793	0.496451	0.593859	102	85	96	2867.66
-1.308997	1.301460	-0.509251	97	87	97	2867.08
2.094395	2.251330	-2.330739	107	13	99	2867.05
1.832596	2.579248	-2.364801	97	96	96	2866.87
-1.308997	2.033014	2.977192	101	84	95	2866.24
1.570796	1.134796	2.434290	11	2	86	2865.30
-0.523599	1.413347	-1.339188	11	92	84	2865.21
-1.047198	1.909857	-0.381669	101	85	96	2864.46
2.617994	1.168678	2.108595	100	106	98	2864.40
-0.261799	1.168678	2.108595	103	84	99	2863.65
2.617994	0.831641	0.616218	10	94	91	2863.22
-1.308997	2.187132	-0.479875	100	88	95	2862.96
2.094395	2.760637	2.781135	100	2	88	2862.77
2.094395	0.618092	2.539118	10	83	100	2862.47
-1.047198	2.251330	-2.330739	99	89	98	2862.45
0.261799	0.866955	-0.931351	99	98	96	2862.11
-1.047198	1.448123	-2.163292	8	104	82	2862.07
-1.570796	1.413430	2.550734	94	7	99	2861.83
-0.785398	1.506530	1.988858	6	2	91	2861.79
-0.523599	2.164094	-2.991358	93	93	100	2861.39
1.832596	0.929350	-2.910676	10	85	91	2860.96
-2.617994	2.251330	-2.330739	101	93	98	2860.86
1.047198	0.733948	3.021411	13	0	93	2860.70
-1.047198	2.881233	-2.582574	98	103	93	2859.91
1.570796	1.872854	1.543456	18	103	86	2859.88
-1.832596	2.664082	-1.071402	13	85	92	2859.84
-1.308997	1.113094	-0.272241	95	100	93	2859.77
2.356194	2.407836	1.410646	10	102	81	2859.51
0.261799	0.914445	2.687814	2	82	104	2859.05
-0.523599	1.555207	1.708892	106	83	86	2858.46
0.785398	1.184361	0.625864	23	100	106	2858.20
1.570796	0.762244	-0.273349	10	86	93	2858.20
-0.523599	2.455966	-0.641220	1	83	94	2857.85
-0.523599	0.297065	2.160177	99	94	101	2857.77
1.832596	1.113094	-0.272241	104	105	86	2857.69
2.094395	1.756530	-2.105156	2	84	95	2857.68
2.094395	1.872854	1.543456	16	107	86	2857.22
-2.094395	1.045978	0.343692	104	6	87	2856.55
1.308997	1.948085	-2.363031	92	96	102	2855.82
1.832596	0.864993	2.278281	10	3	88	2855.73
2.094395	2.984978	1.954446	21	97	100	2855.56
2.617994	2.299159	2.264663	21	100	101	2855.31
-1.832596	1.683268	0.374177	15	101	97	2855.20
-2.879793	2.979456	-1.009304	105	84	92	2853.87
0.000000	2.637879	2.121598	97	90	99	2853.38
0.523599	2.104282	-0.813972	18	93	99	2853.34
0.785398	0.866395	-2.492918	100	91	93	2853.11
-1.308997	1.875281	0.107086	98	88	98	2852.58
-2.617994	2.174483	2.653697	10	102	84	2852.55
-1.570796	1.025536	1.576859	105	83	102	2852.40
-1.047198	0.831641	0.616218	11	88	89	2852.40
0.785398	0.864993	2.278281	96	103	96	2851.87
-1.832596	2.033014	2.977192	96	104	91	2851.38
-2.094395	2.104282	-0.813972	9	106	82	2850.84
-2.356194	1.025536	1.576859	5	103	88	2850.43
-3.141593	1.025536	1.576859	102	6	88	2850.30
-1.832596	0.496451	0.593859	98	98	99	2849.99
1.308997	2.456751	-1.503343	9	3	84	2849.35
2.879793	1.168678	2.108595	100	5	90	2848.60
-1.308997	2.180315	-1.357379	16	96	85	2848.21
-2.356194	2.478122	2.609777	97	94	85	2847.55
-1.832596	1.134497	-1.109631	2	2	83	2847.03
2.617994	1.335669	0.897240	6	107	85	2846.87
-2.356194	2.343981	-1.040456	98	91	97	2846.81
0.261799	0.379747	-1.713059	97	97	95	2845.85
-1.832596	1.195355	1.200319	1	95	88	2845.77
-2.617994	1.569311	-3.003978	4	89	94	2845.36
-1.570796	1.662363	0.915448	96	100	93	2845.34
-2.879793	0.640596	-2.797608	9	9	90	2845.07
-1.308997	0.685216	-1.712745	101	105	84	2845.04
0.261799	1.335669	0.897240	19	88	102	2844.81
0.261799	0.591903	2.010408	104	86	100	2844.55
-3.141593	1.870545	-2.976234	107	90	95	2844.47
-1.047198	2.063651	-2.044600	13	105	85	2843.98
-3.141593	1.184361	0.625864	93	102	100	2843.72
0.785398	0.709924	0.218797	103	88	95	2843.29
1.832596	0.866955	-0.931351	103	94	90	2843.01
-2.879793	0.685216	-1.712745	9	2	84	2840.51
-2.617994	2.404280	-0.174044	10	2	85	2839.88
1.308997	1.846342	-1.796954	10	98	80	2839.17
-2.356194	1.982574	-1.115518	98	94	94	2839.08
0.785398	0.618092	2.539118	9	85	105	2838.45
-1.308997	1.014500	0.906702	10	86	92	2837.66
2.879793	1.504028	0.636812	5	89	94	2837.60
1.047198	1.195355	1.200319	100	93	103	2837.57
0.000000	0.297065	2.160177	103	88	100	2836.69
-3.141593	1.545873	-1.877082	4	107	82	2835.03
-2.879793	0.419640	2.974122	22	102	95	2834.74
-0.785398	1.242974	-2.977882	99	87	99	2833.39
-1.308997	2.089241	-0.114193	99	86	97	2832.90
-0.523599	0.709924	0.218797	12	90	87	2832.65
1.832596	1.135813	-2.658866	22	93	103	2832.28
-0.785398	0.961715	0.014085	19	91	99	2832.13
-2.879793	1.417623	-0.202254	9	90	105	2831.95
0.000000	0.571433	-1.188419	103	82	98	2831.78
1.047198	1.741644	-2.695914	101	88	98	2831.76
-0.785398	2.478122	2.609777	0	97	82	2831.53
-0.785398	0.866395	-2.492918	93	105	94	2831.36
2.879793	1.195355	1.200319	19	104	100	2831.17
1.047198	1.218453	2.777284	7	99	86	2830.81
-1.832596	0.685216	-1.712745	94	105	94	2830.41
-2.879793	0.906588	1.252948	95	95	105	2829.92
-1.308997	0.850607	-1.335383	6	6	92	2828.95
-2.094395	0.591903	2.010408	104	14	0	2828.42
1.308997	1.194549	-0.801900	21	93	101	2828.31
0.785398	1.658653	-2.409879	98	93	94	2827.82
1.047198	2.984978	1.954446	101	94	96	2827.71
2.356194	2.174483	2.653697	16	88	104	2827.57
-2.879793	0.618092	2.539118	100	92	107	2825.89
-0.261799	1.948085	-2.363031	12	91	86	2825.16
-0.785398	0.458961	-0.107937	17	88	104	2823.92
2.617994	0.906588	1.252948	10	97	90	2823.66
1.832596	0.080730	-2.622036	97	92	107	2823.53
0.523599	1.135834	-1.431087	13	98	83	2823.33
0.785398	2.478122	2.609777	103	84	97	2823.26
2.094395	2.719179	-1.780644	100	103	87	2822.92
-2.879793	1.025536	1.576859	8	103	88	2822.92
1.308997	2.407836	1.410646	10	98	81	2822.60
-0.785398	0.618092	2.539118	99	104	96	2822.50
0.785398	2.104282	-0.813972	20	96	98	2822.34
-1.308997	0.866395	-2.492918	96	93	100	2821.69
-2.617994	2.760637	2.781135	96	4	93	2821.52
-1.832596	2.588535	-2.976617	96	93	89	2820.62
-1.047198	1.658653	-2.409879	9	106	83	2820.57
-1.047198	1.977582	0.969896	11	104	88	2820.48
0.523599	0.418037	1.360082	103	89	101	2819.77
-2.879793	1.218453	2.777284	102	92	103	2819.42
2.617994	0.864993	2.278281	101	104	100	2819.00
-3.141593	2.164094	-2.991358	102	95	97	2818.94
0.785398	2.863997	0.549740	22	100	97	2818.79
1.308997	0.370812	-2.547742	10	84	90	2818.79
-2.617994	0.914445	2.687814	103	90	101	2818.76
-2.094395	1.014500	0.906702	6	104	89	2818.70
-0.261799	1.741644	-2.695914	9	89	86	2818.43
1.308997	2.984978	1.954446	102	93	96	2818.17
2.879793	0.496451	0.593859	2	104	88	2818.12
1.832596	2.396274	-1.959260	94	101	98	2817.64
1.047198	0.615174	-0.666022	105	0	90	2817.52
1.832596	1.214854	-1.966664	17	100	84	2817.27
-0.785398	1.545873	-1.877082	5	83	99	2817.14
2.879793	1.134796	2.434290	9	10	94	2817.08
-1.308997	1.569311	-3.003978	1	103	82	2816.91
-1.570796	1.696674	-1.253233	16	106	88	2816.89
-0.261799	0.619654	-2.216909	103	102	86	2816.76
1.308997	2.396274	-1.959260	22	95	91	2816.54
-0.261799	1.732874	-0.951685	98	96	93	2815.55
0.785398	2.724429	-0.348782	102	104	89	2814.95
-1.570796	0.640596	-2.797608	9	94	90	2814.85
0.000000	1.045978	0.343692	2	81	97	2814.60
-1.308997	2.247462	0.191623	98	87	99	2814.59
-1.308997	2.073035	2.027405	102	100	84	2814.17
-1.308997	1.214854	-1.966664	103	85	95	2813.91
-0.523599	1.184361	0.625864	13	105	90	2813.71
1.832596	1.135834	-1.431087	3	2	82	2813.02
2.094395	1.128190	-2.288622	6	103	81	2812.75
-1.570796	0.080730	-2.622036	102	89	99	2812.19
1.832596	1.756530	-2.105156	18	87	100	2811.14
-2.094395	0.709924	0.218797	4	91	86	2811.12
0.000000	1.736875	3.023612	11	82	103	2810.61
-2.356194	1.194549	-0.801900	2	1	82	2809.86
1.570796	0.929350	-2.910676	8	84	90	2809.73
-3.141593	1.168678	2.108595	6	103	87	2809.14
0.785398	1.812176	0.656819	13	87	86	2809.05
-3.141593	1.574060	2.783565	102	94	102	2808.09
1.570796	2.881233	-2.582574	103	83	95	2807.88
0.785398	2.180315	-1.357379	106	84	95	2807.77
0.000000	0.685216	-1.712745	94	0	99	2807.07
-1.832596	0.864993	2.278281	12	89	0	2806.81
2.356194	1.574060	2.783565	15	103	86	2806.73
-0.523599	1.247695	1.809890	11	107	91	2806.73
-2.879793	2.349581	-2.702517	101	94	97	2806.48
-1.570796	2.724429	-0.348782	98	91	98	2805.83
1.308997	1.545873	-1.877082	20	94	103	2805.73
0.523599	2.073035	2.027405	106	82	100	2805.66
-1.570796	1.014500	0.906702	8	85	92	2805.34
-0.261799	1.696674	-1.253233	102	84	95	2805.26
-1.832596	1.014500	0.906702	7	5	94	2805.25
-1.570796	1.488617	1.159546	15	99	94	2804.09
-0.523599	0.615174	-0.666022	14	85	100	2804.08
-1.832596	0.571433	-1.188419	93	97	96	2804.00
-0.261799	1.247695	1.809890	99	103	96	2803.98
1.047198	1.569311	-3.003978	5	8	97	2803.61
-0.523599	2.356369	3.005869	96	99	93	2803.09
-1.570796	0.419640	2.974122	98	100	98	2802.86
0.785398	1.504028	0.636812	15	86	90	2802.72
-0.523599	2.073035	2.027405	97	91	99	2802.44
0.785398	1.998705	2.370472	18	89	0	2802.22
-2.617994	0.458961	-0.107937	98	88	97	2801.59
2.094395	1.214854	-1.966664	4	105	82	2801.23
0.785398	2.637879	2.121598	98	107	93	2801.19
2.617994	1.374601	-2.456031	16	96	85	2800.90
-1.832596	1.450119	-2.739050	96	101	96	2800.83
-1.832596	1.554776	0.100351	105	5	84	2800.41
1.570796	0.866955	-0.931351	5	6	84	2799.51
1.047198	0.591903	2.010408	8	85	105	2798.12
-2.094395	1.135813	-2.658866	2	88	96	2797.97
1.047198	1.736875	3.023612	20	95	106	2797.59
-3.141593	0.379747	-1.713059	1	13	92	2797.32
0.523599	1.510910	-0.740472	7	81	102	2797.04
1.047198	0.929350	-2.910676	13	1	93	2797.04
-0.785398	0.960688	-0.577532	99	86	98	2796.83
-2.094395	0.906588	1.252948	6	104	88	2796.59
-1.832596	1.025536	1.576859	2	95	88	2796.51
-2.094395	0.458961	-0.107937	94	96	97	2796.41
0.785398	0.591903	2.010408	8	102	89	2796.16
2.094395	1.574060	2.783565	13	100	85	2796.06
-1.832596	1.812176	0.656819	96	88	100	2795.95
-2.094395	2.063651	-2.044600	102	90	99	2795.80
-1.308997	1.184361	0.625864	10	87	89	2795.63
-2.094395	2.153910	-1.714959	13	92	85	2795.50
0.785398	0.910508	1.903534	12	6	96	2795.14
0.000000	1.433411	-1.035986	10	106	82	2794.79
-2.356194	0.591903	2.010408	100	90	106	2794.73
-2.356194	0.640596	-2.797608	99	3	93	2794.68
-0.523599	1.242974	-2.977882	104	84	101	2794.39
-1.832596	0.379747	-1.713059	17	107	102	2794.07
0.000000	1.050534	3.042579	10	1	95	2793.70
0.000000	2.724429	-0.348782	21	100	97	2793.57
-2.094395	1.335669	0.897240	94	105	95	2793.16
2.879793	2.587733	0.232235	102	89	94	2792.94
0.261799	0.674054	1.013609	100	104	101	2792.79
2.094395	2.343981	-1.040456	23	102	91	2791.80
-1.570796	0.992645	-1.723759	95	93	99	2791.76
-0.261799	1.569311	-3.003978	106	82	99	2791.21
0.261799	0.618092	2.539118	8	103	89	2791.04
-2.094395	0.618092	2.539118	15	89	105	2790.87
1.308997	0.080730	-2.622036	13	84	103	2790.82
2.617994	2.404280	-0.174044	104	88	93	2790.68
2.879793	1.574060	2.783565	15	0	88	2790.48
-1.047198	1.569311	-3.003978	105	12	93	2790.39
0.000000	1.909857	-0.381669	19	89	98	2790.30
0.000000	1.982574	-1.115518	16	104	86	2789.44
0.785398	0.496451	0.593859	22	101	105	2789.06
1.047198	1.998705	2.370472	2	81	99	2788.80
-2.094395	1.982574	-1.115518	98	93	93	2788.71
-3.141593	1.736875	3.023612	102	95	100	2787.96
1.570796	1.504028	0.636812	103	104	93	2787.85
-1.832596	1.413347	-1.339188	96	101	93	2787.84
0.523599	0.992645	-1.723759	16	0	89	2787.30
0.785398	0.203748	0.590255	100	96	101	2786.98
-3.141593	1.134796	2.434290	3	103	88	2786.96
-1.308997	1.599406	1.426070	9	101	88	2786.53
0.261799	2.719179	-1.780644	102	13	93	2786.00
-1.047198	0.379747	-1.713059	99	101	87	2785.81
2.617994	2.587733	0.232235	95	95	98	2784.64
0.523599	1.194549	-0.801900	13	82	96	2784.54
-2.356194	1.606104	-0.451151	105	83	99	2784.24
0.523599	2.407836	1.410646	12	97	81	2783.54
-2.617994	0.864993	2.278281	6	85	99	2783.53
-1.047198	2.174483	2.653697	97	89	99	2783.52
1.832596	1.134796	2.434290	8	4	86	2783.15
0.000000	1.606104	-0.451151	8	81	98	2783.07
-2.617994	1.310100	1.488307	11	4	92	2783.06
0.785398	0.906588	1.252948	96	2	99	2782.89
2.879793	0.203748	0.590255	3	105	88	2782.86
2.094395	0.910508	1.903534	10	98	87	2782.70
-2.617994	0.297065	2.160177	100	91	106	2782.38
-1.832596	1.545873	-1.877082	101	89	94	2782.21
-2.879793	1.721184	-0.153948	13	96	101	2780.84
-1.047198	1.450119	-2.739050	98	89	97	2780.71
-1.832596	2.456751	-1.503343	15	91	87	2780.53
0.000000	1.413347	-1.339188	1	80	95	2780.26
-1.308997	1.325504	-1.671296	95	95	96	2780.22
0.000000	2.984978	1.954446	14	85	104	2778.87
-0.785398	1.574060	2.783565	96	90	101	2778.81
-1.308997	1.658653	-2.409879	11	105	83	2778.59
1.047198	1.135834	-1.431087	6	93	81	2778.58
0.785398	0.418037	1.360082	105	87	101	2777.82
2.879793	1.050534	3.042579	106	107	89	2776.97
2.617994	1.756530	-2.105156	101	95	93	2776.66
2.356194	2.033014	2.977192	104	90	99	2776.52
0.785398	0.297065	2.160177	5	85	100	2776.39
-1.047198	1.617114	-1.572037	1	83	95	2776.37
2.617994	0.419640	2.974122	19	91	95	2776.16
-1.308997	2.041297	-2.664597	96	101	93	2775.88
0.261799	1.696674	-1.253233	2	81	97	2775.87
1.308997	1.736875	3.023612	14	98	85	2775.48
0.261799	2.588535	-2.976617	96	94	96	2775.37
0.523599	0.640596	-2.797608	14	87	104	2775.25
-2.094395	1.741644	-2.695914	10	6	87	2774.56
-1.308997	1.413430	2.550734	14	99	92	2773.85
0.785398	1.440580	2.260026	4	97	86	2773.48
1.832596	2.760637	2.781135	9	83	96	2773.39
-0.785398	0.080730	-2.622036	9	100	88	2773.37
0.261799	0.960688	-0.577532	9	94	83	2773.19
-1.570796	2.579248	-2.364801	96	107	90	2773.13
-3.141593	1.113094	-0.272241	7	89	103	2773.12
-1.832596	0.080730	-2.622036	101	91	99	2772.68
0.523599	1.025536	1.576859	106	85	98	2772.68
-1.570796	2.180315	-1.357379	103	87	92	2772.55
-0.523599	1.134497	-1.109631	12	89	86	2772.26
-1.832596	1.732874	-0.951685	16	101	88	2772.14
-1.308997	1.606104	-0.451151	95	2	92	2771.79
-1.832596	1.721184	-0.153948	96	87	98	2771.59
1.308997	2.979456	-1.009304	8	97	80	2771.51
-1.832596	1.433411	-1.035986	13	103	86	2771.31
0.523599	2.863997	0.549740	19	92	102	2770.86
2.356194	1.998705	2.370472	3	11	84	2770.70
1.832596	1.948085	-2.363031	14	106	84	2770.47
-1.570796	2.295480	1.008277	94	94	98	2769.99
-2.879793	1.658653	-2.409879	8	106	82	2769.64
-2.879793	1.168678	2.108595	4	102	87	2768.85
2.879793	0.960688	-0.577532	5	90	94	2768.01
-3.141593	0.709924	0.218797	11	95	92	2767.74
1.832596	2.138223	1.678323	15	106	85	2767.71
-2.356194	2.187132	-0.479875	101	86	89	2767.50
-1.047198	2.396274	-1.959260	15	107	88	2767.22
1.047198	0.496451	0.593859	100	94	104	2766.98
-2.356194	1.948085	-2.363031	91	102	102	2766.88
1.308997	0.733948	3.021411	7	81	104	2766.41
1.308997	1.504028	0.636812	15	8	93	2766.31
-2.356194	2.041297	-2.664597	19	104	90	2766.18
0.261799	1.184361	0.625864	100	5	102	2766.14
2.094395	1.824694	1.850876	16	1	87	2766.09
-0.261799	1.325504	-1.671296	102	7	90	2765.60
2.617994	1.247695	1.809890	101	105	97	2765.21
0.261799	0.866395	-2.492918	102	102	86	2765.14
-2.094395	0.992645	-1.723759	98	92	95	2764.00
0.000000	1.195355	1.200319	17	87	105	2763.60
-3.141593	1.128190	-2.288622	11	105	83	2763.46
1.047198	2.979456	-1.009304	8	96	80	2763.42
0.785398	0.674054	1.013609	99	93	104	2763.31
-0.261799	2.704512	1.488683	19	92	102	2762.70
-0.261799	2.863997	0.549740	101	92	97	2762.05
1.047198	2.407836	1.410646	10	98	80	2761.75
-0.261799	0.762244	-0.273349	8	91	85	2761.02
-0.785398	1.448123	-2.163292	7	84	98	2760.98
-1.832596	1.998705	2.370472	10	93	91	2760.67
-1.832596	1.184361	0.625864	97	88	100	2760.40
1.570796	2.587733	0.232235	11	95	81	2759.79
-1.570796	1.504028	0.636812	9	0	91	2759.71
-2.356194	1.554776	0.100351	3	6	85	2759.46
2.094395	1.554776	0.100351	7	88	95	2759.15
-2.094395	2.187132	-0.479875	103	84	90	2759.13
-0.261799	1.836682	-0.676006	20	99	90	2759.12
-3.141593	0.618092	2.539118	0	0	89	2759.06
-2.879793	0.831641	0.616218	102	86	100	2758.98
0.000000	0.961715	0.014085	14	95	85	2758.55
0.523599	1.417623	-0.202254	5	80	97	2758.35
-1.832596	1.256302	0.062705	103	6	87	2758.19
1.832596	1.809167	1.213774	16	90	94	2758.06
0.785398	1.450119	-2.739050	93	98	98	2757.97
2.879793	1.134497	-1.109631	19	97	99	2757.66
-1.570796	1.214854	-1.966664	102	87	95	2757.49
-0.523599	0.619654	-2.216909	99	10	98	2757.46
-3.141593	2.456751	-1.503343	98	98	94	2757.34
0.523599	1.014500	0.906702	99	104	100	2757.24
0.785398	0.290380	-0.796960	20	103	92	2757.11
1.570796	1.335669	0.897240	101	12	102	2757.10
1.832596	1.194549	-0.801900	106	91	96	2757.09
-0.261799	0.733948	3.021411	98	99	91	2756.33
-0.785398	1.134796	2.434290	11	101	90	2755.66
0.523599	1.413430	2.550734	4	97	86	2755.28
-0.785398	1.413347	-1.339188	8	91	83	2755.08
-2.094395	0.910508	1.903534	102	87	104	2754.85
-1.047198	1.683268	0.374177	99	86	100	2754.83
-1.047198	1.870545	-2.976234	106	13	94	2754.77
0.000000	1.662363	0.915448	12	98	85	2754.63
-0.523599	0.961715	0.014085	11	91	85	2754.39
-1.308997	2.251330	-2.330739	95	93	98	2753.70
-1.570796	1.440580	2.260026	8	94	90	2752.61
1.832596	0.700570	1.559208	10	94	89	2751.82
-2.879793	2.356369	3.005869	21	102	97	2751.65
-0.261799	0.709924	0.218797	99	3	102	2751.21
0.785398	0.961715	0.014085	103	87	96	2750.80
1.308997	1.756530	-2.105156	22	96	101	2750.74
-2.094395	0.496451	0.593859	95	98	100	2750.70
0.261799	2.863997	0.549740	107	85	100	2750.54
2.617994	1.504028	0.636812	8	104	83	2750.46
-2.094395	1.194549	-0.801900	2	0	82	2749.76
-2.356194	2.356369	3.005869	8	102	82	2749.70
1.308997	2.349581	-2.702517	102	101	88	2749.13
-0.523599	0.419640	2.974122	13	90	94	2749.10
-0.261799	2.299159	2.264663	97	94	96	2749.07
-0.261799	1.218453	2.777284	11	107	94	2749.06
2.094395	2.073035	2.027405	14	2	87	2748.92
0.523599	1.870545	-2.976234	2	79	100	2748.81
-2.879793	1.909857	-0.381669	4	87	87	2748.81
-2.356194	1.310100	1.488307	2	96	87	2748.63
0.523599	1.982574	-1.115518	15	107	86	2748.35
-1.832596	1.050534	3.042579	9	93	91	2747.85
0.000000	0.640596	-2.797608	100	103	88	2747.67
-0.523599	1.504028	0.636812	107	102	82	2747.58
-1.047198	0.618092	2.539118	98	106	96	2747.55
1.047198	1.256302	0.062705	106	87	94	2747.53
-1.047198	1.736875	3.023612	96	90	102	2747.50
1.832596	1.909857	-0.381669	5	86	98	2747.33
-0.523599	0.733948	3.021411	13	89	93	2747.26
-0.261799	2.455966	-0.641220	21	100	93	2745.76
-3.141593	2.760637	2.781135	21	102	96	2745.38
-2.879793	1.184361	0.625864	102	87	100	2745.25
-0.261799	1.510910	-0.740472	99	96	92	2745.22
0.261799	2.073035	2.027405	103	84	99	2744.70
1.308997	1.510910	-0.740472	104	95	94	2744.53
0.261799	0.203748	0.590255	100	90	96	2743.94
2.617994	2.356369	3.005869	105	92	95	2743.38
1.308997	1.554776	0.100351	7	87	85	2742.63
-0.785398	1.875281	0.107086	101	85	98	2742.50
0.261799	2.251330	-2.330739	103	83	96	2742.45
-2.879793	1.875281	0.107086	13	95	99	2742.43
0.261799	1.301460	-0.509251	12	82	98	2742.31
1.570796	1.448123	-2.163292	19	87	97	2742.13
-1.832596	2.379497	0.561089	8	84	106	2741.85
0.785398	1.506530	1.988858	18	88	100	2741.69
-0.785398	2.396274	-1.959260	14	1	88	2741.31
0.261799	1.736875	3.023612	14	84	103	2741.22
0.261799	0.762244	-0.273349	99	4	102	2740.94
1.570796	1.374601	-2.456031	106	84	96	2740.93
-0.523599	1.433411	-1.035986	14	91	86	2740.82
1.047198	1.413430	2.550734	101	86	99	2740.48
-0.261799	1.025536	1.576859	8	100	90	2740.28
2.094395	0.571433	-1.188419	105	94	89	2740.07
-1.832596	0.831641	0.616218	97	97	99	2740.03
-3.141593	2.478122	2.609777	107	104	81	2739.89
2.617994	1.450119	-2.739050	17	94	87	2739.55
1.570796	1.194549	-0.801900	21	95	101	2739.41
-0.261799	1.113094	-0.272241	106	82	98	2739.08
2.094395	2.104282	-0.813972	23	101	93	2737.87
2.617994	2.456751	-1.503343	101	102	86	2737.21
-0.261799	2.404280	-0.174044	18	88	97	2736.94
-0.523599	1.732874	-0.951685	98	95	91	2736.89
0.000000	1.732874	-0.951685	18	101	87	2736.84
-0.523599	1.391910	3.030322	103	84	100	2736.68
2.356194	0.615174	-0.666022	105	12	92	2736.47
-2.617994	1.510910	-0.740472	18	104	98	2736.46
1.047198	0.640596	-2.797608	99	91	94	2736.16
-2.617994	0.961715	0.014085	102	86	97	2736.03
-1.047198	2.592629	0.909713	5	95	81	2734.98
-3.141593	1.014500	0.906702	106	102	86	2734.80
1.047198	2.719179	-1.780644	7	7	88	2734.72
2.617994	2.478122	2.609777	104	93	94	2734.62
0.261799	2.104282	-0.813972	18	106	89	2733.21
-1.308997	0.733948	3.021411	97	96	101	2731.93
-2.094395	2.356369	3.005869	95	94	90	2731.89
1.832596	1.766067	2.153843	18	2	90	2731.01
2.356194	0.960688	-0.577532	2	89	97	2730.81
-3.141593	0.960688	-0.577532	7	90	95	2730.56
-2.617994	1.242974	-2.977882	10	6	87	2730.48
2.879793	1.247695	1.809890	8	100	87	2730.48
-2.356194	1.325504	-1.671296	98	94	94	2730.43
1.047198	0.906588	1.252948	96	107	99	2730.15
2.094395	2.455966	-0.641220	9	85	96	2729.86
2.094395	1.242974	-2.977882	13	86	91	2729.79
-2.617994	0.591903	2.010408	98	93	106	2729.74
1.047198	0.910508	1.903534	11	8	96	2729.57
-1.570796	0.899350	-2.069907	95	104	93	2729.40
0.523599	1.696674	-1.253233	20	96	100	2729.33
-2.879793	1.846342	-1.796954	19	96	96	2729.19
-0.785398	2.724429	-0.348782	15	86	98	2729.00
-2.356194	1.756530	-2.105156	100	93	97	2728.89
2.879793	2.115563	0.685730	0	105	82	2728.58
1.570796	0.914445	2.687814	11	3	89	2728.53
-2.617994	1.756530	-2.105156	11	93	83	2728.51
-2.879793	1.506530	1.988858	0	87	103	2727.97
1.570796	1.128190	-2.288622	107	83	97	2727.65
0.785398	1.606104	-0.451151	104	100	90	2727.56
-3.141593	1.247695	1.809890	101	3	86	2727.41
-2.094395	1.025536	1.576859	1	95	88	2727.33
-2.617994	2.637879	2.121598	7	1	83	2727.22
2.356194	1.662363	0.915448	99	98	101	2727.19
-3.141593	1.824694	1.850876	101	105	80	2727.13
2.617994	1.736875	3.023612	106	90	97	2726.98
-0.261799	2.104282	-0.813972	106	11	96	2726.74
0.785398	1.904882	-1.478089	13	5	88	2726.12
2.094395	1.135813	-2.658866	6	101	81	2726.10
-2.094395	2.343981	-1.040456	97	0	88	2725.27
1.308997	1.413347	-1.339188	20	91	100	2725.19
0.785398	0.914445	2.687814	101	86	98	2724.71
2.617994	0.961715	0.014085	2	90	89	2724.53
2.617994	1.113094	-0.272241	3	89	97	2724.45
1.308997	0.929350	-2.910676	12	2	93	2724.33
0.261799	1.721184	-0.153948	0	81	101	2724.19
-1.570796	1.050534	3.042579	100	89	101	2724.14
0.523599	1.301460	-0.509251	104	99	91	2724.05
1.832596	1.904882	-1.478089	22	101	99	2723.94
-0.261799	1.194549	-0.801900	11	101	81	2723.57
1.832596	0.866395	-2.492918	13	88	87	2723.25
1.832596	1.242974	-2.977882	7	97	82	2722.83
0.523599	0.709924	0.218797	101	88	95	2722.61
0.523599	1.617114	-1.572037	6	81	99	2722.06
-1.570796	1.606104	-0.451151	97	88	96	2721.92
1.832596	1.741644	-2.695914	16	105	86	2721.89
-0.261799	1.617114	-1.572037	2	107	80	2721.56
-0.785398	2.295480	1.008277	15	104	88	2721.03
1.047198	1.909857	-0.381669	107	87	93	2720.88
-1.832596	0.640596	-2.797608	9	93	90	2720.20
0.785398	0.615174	-0.666022	15	84	98	2719.93
2.879793	1.391910	3.030322	21	96	94	2719.49
2.879793	1.812176	0.656819	6	90	95	2719.33
1.308997	1.904882	-1.478089	4	82	97	2719.31
-1.308997	0.910508	1.903534	101	92	84	2719.20
-2.879793	1.325504	-1.671296	5	0	82	2718.59
-2.094395	1.721184	-0.153948	2	102	82	2718.49
-0.523599	2.299159	2.264663	4	8	96	2718.41
0.261799	1.699788	2.452890	13	84	101	2718.38
1.047198	1.658653	-2.409879	100	89	94	2717.49
0.261799	2.881233	-2.582574	7	6	88	2717.42
2.617994	2.719179	-1.780644	97	95	96	2717.13
2.094395	2.588535	-2.976617	11	4	84	2715.76
-2.094395	1.134497	-1.109631	95	100	95	2715.44
-1.047198	1.699788	2.452890	94	93	100	2715.30
2.879793	2.588535	-2.976617	102	96	92	2714.77
-2.356194	2.760637	2.781135	97	94	85	2714.60
2.356194	0.419640	2.974122	16	88	94	2714.35
-2.879793	1.256302	0.062705	100	87	98	2714.34
0.785398	0.850607	-1.335383	8	91	81	2714.00
1.047198	2.881233	-2.582574	107	11	97	2713.96
0.523599	2.343981	-1.040456	100	101	89	2713.86
1.308997	0.864993	2.278281	100	6	99	2713.81
-1.308997	2.664082	-1.071402	16	90	89	2713.47
0.261799	2.033014	2.977192	1	80	101	2713.24
2.879793	1.374601	-2.456031	17	99	85	2713.09
-1.308997	0.370812	-2.547742	17	104	105	2712.69
-2.356194	1.904882	-1.478089	98	95	95	2712.68
-0.785398	1.617114	-1.572037	98	88	96	2712.57
-1.047198	0.674054	1.013609	102	107	89	2712.56
0.785398	1.741644	-2.695914	99	91	97	2711.83
0.523599	1.247695	1.809890	14	2	93	2711.48
-0.785398	1.699788	2.452890	96	90	101	2711.34
0.523599	1.766067	2.153843	16	86	100	2711.01
-1.308997	2.456751	-1.503343	107	85	92	2710.84
-0.261799	1.413347	-1.339188	5	105	81	2710.54
0.261799	1.504028	0.636812	11	82	103	2710.26
0.523599	0.910508	1.903534	4	105	88	2710.01
-2.094395	0.831641	0.616218	95	98	99	2710.00
2.356194	1.488617	1.159546	99	2	95	2709.24
-1.308997	1.662363	0.915448	7	96	84	2709.06
2.356194	2.984978	1.954446	22	102	96	2708.73
1.308997	1.045978	0.343692	105	0	89	2708.59
-0.261799	1.184361	0.625864	0	99	85	2707.98
-0.261799	2.881233	-2.582574	98	89	97	2707.51
-1.047198	0.929350	-2.910676	101	101	88	2707.30
1.832596	2.637879	2.121598	17	89	102	2707.07
1.047198	0.850607	-1.335383	17	101	86	2706.83
0.000000	1.870545	-2.976234	9	91	84	2706.75
1.047198	2.153910	-1.714959	11	1	84	2705.92
0.000000	0.615174	-0.666022	103	5	98	2705.46
0.785398	1.555207	1.708892	18	88	99	2705.08
-1.832596	1.113094	-0.272241	2	83	94	2704.62
-2.356194	2.587733	0.232235	96	92	94	2704.27
0.261799	1.391910	3.030322	97	107	90	2703.88
0.523599	2.041297	-2.664597	3	80	97	2703.71
2.356194	1.721184	-0.153948	16	95	87	2703.42
1.570796	1.135834	-1.431087	4	3	82	2702.71
-2.094395	2.592629	0.909713	95	95	95	2702.71
-0.261799	2.984978	1.954446	101	86	94	2702.60
-2.879793	1.367556	0.358405	101	86	101	2702.39
1.308997	0.850607	-1.335383	14	4	89	2701.67
2.879793	1.113094	-0.272241	2	87	101	2701.53
2.094395	1.599406	1.426070	18	93	94	2701.49
1.308997	2.108018	1.311430	9	85	92	2701.31
-2.879793	2.174483	2.653697	11	100	84	2701.23
-1.308997	1.736875	3.023612	14	98	94	2701.16
-2.094395	1.658653	-2.409879	91	100	104	2701.15
-0.785398	2.001437	0.381215	100	105	81	2701.10
-1.570796	1.732874	-0.951685	16	103	88	2700.62
-2.094395	1.977582	0.969896	14	101	95	2700.55
1.570796	0.899350	-2.069907	13	92	84	2700.07
-1.047198	2.356369	3.005869	96	91	97	2699.97
1.570796	2.104282	-0.813972	14	85	89	2699.52
0.261799	1.195355	1.200319	98	103	98	2699.46
-1.308997	0.591903	2.010408	101	91	88	2699.34
2.094395	1.836682	-0.676006	23	101	94	2698.64
-0.261799	2.063651	-2.044600	96	103	89	2698.57
1.308997	2.356369	3.005869	105	84	94	2697.91
-2.879793	2.343981	-1.040456	13	5	89	2697.46
-2.356194	1.045978	0.343692	107	7	87	2697.33
2.617994	1.904882	-1.478089	13	107	81	2696.80
1.570796	2.187132	-0.479875	2	86	95	2696.77
2.617994	0.929350	-2.910676	19	96	90	2696.72
2.356194	1.214854	-1.966664	5	105	82	2696.21
-2.094395	1.599406	1.426070	6	85	105	2695.10
-1.047198	1.168678	2.108595	8	2	90	2694.43
-0.523599	1.301460	-0.509251	98	88	97	2693.99
0.000000	1.696674	-1.253233	105	82	96	2693.83
-1.832596	1.504028	0.636812	96	89	101	2693.66
-2.094395	1.569311	-3.003978	95	107	97	2693.21
-1.047198	2.664082	-1.071402	107	85	93	2693.01
1.308997	0.992645	-1.723759	15	99	84	2692.41
-0.785398	1.310100	1.488307	11	104	91	2691.32
-0.261799	0.203748	0.590255	21	106	95	2691.16
0.000000	2.587733	0.232235	17	88	103	2690.87
-1.570796	1.510910	-0.740472	7	103	81	2690.62
-3.141593	2.153910	-1.714959	21	96	93	2690.10
1.570796	0.866395	-2.492918	11	87	87	2689.82
1.047198	1.721184	-0.153948	102	99	93	2689.41
1.047198	2.089241	-0.114193	21	97	101	2689.10
-1.832596	0.615174	-0.666022	100	85	97	2688.96
2.879793	2.664082	-1.071402	18	105	85	2688.95
1.832596	2.404280	-0.174044	99	1	89	2688.78
2.879793	1.506530	1.988858	8	99	85	2688.69
-1.832596	2.356369	3.005869	97	90	91	2688.37
-2.617994	1.948085	-2.363031	92	105	102	2688.33
-2.356194	2.455966	-0.641220	98	99	89	2688.19
-1.570796	1.242974	-2.977882	0	103	82	2687.92
0.261799	1.135813	-2.658866	101	104	86	2687.87
0.523599	1.683268	0.374177	9	84	89	2687.85
-1.832596	0.458961	-0.107937	2	82	94	2687.67
-3.141593	0.961715	0.014085	97	94	94	2687.54
0.261799	1.574060	2.783565	97	94	94	2687.26
-0.785398	1.025536	1.576859	1	101	86	2687.17
1.832596	2.456751	-1.503343	0	82	92	2686.66
-2.617994	2.138223	1.678323	6	6	86	2686.65
-1.308997	2.115563	0.685730	14	87	104	2686.58
0.000000	1.134497	-1.109631	17	96	87	2686.54
1.308997	0.674054	1.013609	6	84	100	2686.50
-2.879793	2.033014	2.977192	21	102	95	2685.92
-1.308997	1.045978	0.343692	101	83	100	2685.92
1.308997	0.571433	-1.188419	15	84	98	2685.06
-1.047198	1.440580	2.260026	8	4	91	2684.72
-2.879793	1.732874	-0.951685	19	103	100	2684.47
2.879793	1.256302	0.062705	97	93	96	2684.41
-2.094395	1.836682	-0.676006	6	105	81	2684.26
2.879793	2.404280	-0.174044	105	86	94	2684.14
-2.356194	1.135834	-1.431087	95	104	94	2684.06
-0.785398	2.393226	1.857173	2	101	80	2683.94
0.523599	2.579248	-2.364801	8	5	87	2683.75
1.308997	2.592629	0.909713	11	99	81	2683.52
0.261799	2.478122	2.609777	97	91	97	2682.65
1.832596	2.108018	1.311430	15	103	83	2682.31
0.785398	1.617114	-1.572037	106	95	80	2681.67
-0.785398	1.135813	-2.658866	15	96	99	2681.60
-0.785398	1.014500	0.906702	14	104	90	2681.10
-1.570796	1.836682	-0.676006	95	104	91	2680.13
-2.617994	0.640596	-2.797608	8	10	91	2680.05
0.785398	2.138223	1.678323	16	96	83	2680.04
-0.785398	2.343981	-1.040456	1	84	93	2679.69
2.879793	1.699788	2.452890	107	89	103	2679.68
-1.570796	0.418037	1.360082	102	1	91	2679.58
0.785398	0.640596	-2.797608	16	89	105	2679.39
0.785398	1.433411	-1.035986	14	84	93	2679.19
2.356194	0.709924	0.218797	1	91	88	2678.73
1.308997	2.089241	-0.114193	21	99	100	2678.45
1.570796	2.349581	-2.702517	21	103	90	2678.30
0.785398	1.301460	-0.509251	9	10	90	2678.09
-1.832596	0.619654	-2.216909	11	94	90	2678.07
0.000000	2.592629	0.909713	101	91	98	2677.88
0.523599	0.618092	2.539118	97	104	93	2677.85
0.000000	0.866395	-2.492918	101	83	101	2677.83
-2.617994	2.664082	-1.071402	97	94	96	2677.44
1.047198	1.325504	-1.671296	3	92	81	2677.38
1.570796	2.719179	-1.780644	98	0	88	2677.15
2.879793	1.417623	-0.202254	6	89	96	2677.08
-1.308997	2.404280	-0.174044	98	92	94	2677.07
-0.523599	0.203748	0.590255	21	103	96	2676.99
0.785398	2.343981	-1.040456	104	86	93	2676.84
2.356194	1.741644	-2.695914	103	93	93	2676.65
-2.094395	1.242974	-2.977882	7	91	92	2676.08
-0.523599	2.588535	-2.976617	5	106	82	2675.76
1.832596	2.724429	-0.348782	11	98	81	2675.75
-1.308997	1.732874	-0.951685	7	5	88	2675.58
-1.047198	2.153910	-1.714959	13	102	84	2675.44
2.617994	0.370812	-2.547742	21	102	92	2675.34
1.832596	1.301460	-0.509251	105	104	85	2674.71
2.879793	0.640596	-2.797608	20	101	93	2674.69
1.047198	0.992645	-1.723759	103	98	86	2674.54
2.094395	2.063651	-2.044600	17	87	98	2674.07
1.570796	2.478122	2.609777	8	82	94	2673.70
-2.094395	1.301460	-0.509251	2	105	82	2673.44
-0.785398	1.391910	3.030322	100	86	100	2673.43
-1.308997	2.153910	-1.714959	15	100	85	2673.43
-2.094395	0.418037	1.360082	97	93	103	2673.31
0.785398	1.417623	-0.202254	9	82	104	2673.12
-3.141593	2.407836	1.410646	10	8	90	2672.43
0.523599	0.864993	2.278281	96	106	95	2672.40
-1.308997	1.836682	-0.676006	96	2	91	2672.21
-0.523599	0.685216	-1.712745	105	101	84	2671.90
-2.356194	1.599406	1.426070	4	94	86	2671.68
1.570796	2.115563	0.685730	15	98	83	2671.48
2.617994	2.979456	-1.009304	98	93	91	2671.21
1.832596	2.001437	0.381215	13	3	85	2670.73
-0.785398	2.251330	-2.330739	95	0	89	2670.37
1.832596	2.979456	-1.009304	7	8	90	2669.89
-1.047198	1.194549	-0.801900	97	87	96	2669.77
-1.832596	2.115563	0.685730	95	4	92	2669.37
2.356194	2.153910	-1.714959	98	96	94	2669.27
1.832596	1.869911	2.701025	7	82	97	2669.06
-1.570796	1.948085	-2.363031	11	105	83	2668.72
-0.261799	0.674054	1.013609	20	2	98	2668.31
1.832596	1.875281	0.107086	3	87	96	2668.24
2.617994	0.496451	0.593859	97	94	93	2668.16
-2.617994	0.992645	-1.723759	6	1	81	2667.87
1.047198	2.760637	2.781135	105	84	96	2667.81
-2.617994	0.674054	1.013609	96	94	101	2667.73
2.356194	1.554776	0.100351	98	100	96	2667.63
0.261799	2.724429	-0.348782	9	85	99	2667.11
1.047198	1.574060	2.783565	21	96	106	2667.04
-3.141593	2.863997	0.549740	101	88	95	2666.95
0.523599	1.134796	2.434290	98	92	96	2666.92
-1.308997	1.135813	-2.658866	97	92	99	2666.42
0.785398	1.050534	3.042579	98	102	92	2666.31
1.570796	2.979456	-1.009304	8	99	80	2666.27
1.308997	1.696674	-1.253233	19	90	99	2666.20
0.261799	0.418037	1.360082	99	94	102	2666.03
-1.832596	0.850607	-1.335383	0	5	84	2665.90
-1.570796	1.658653	-2.409879	95	97	98	2665.51
-3.141593	0.419640	2.974122	21	99	95	2664.63
-1.047198	2.588535	-2.976617	96	97	96	2664.59
-3.141593	1.555207	1.708892	16	3	95	2664.38
0.000000	1.325504	-1.671296	0	80	96	2664.05
0.000000	0.591903	2.010408	8	100	88	2663.91
2.094395	0.866955	-0.931351	103	93	90	2663.68
0.000000	0.960688	-0.577532	101	98	95	2663.50
0.785398	2.001437	0.381215	3	10	92	2663.31
1.570796	0.618092	2.539118	12	3	91	2663.09
0.523599	1.433411	-1.035986	8	81	96	2662.55
0.785398	2.033014	2.977192	100	101	92	2662.40
0.785398	1.948085	-2.363031	5	80	96	2662.20
0.000000	1.367556	0.358405	15	83	100	2661.70
-3.141593	1.194549	-0.801900	100	2	86	2661.17
1.570796	1.662363	0.915448	100	11	103	2661.09
-1.832596	1.736875	3.023612	5	13	94	2660.91
-1.570796	2.455966	-0.641220	99	91	94	2660.68
-0.523599	2.174483	2.653697	92	92	103	2660.63
-2.356194	2.108018	1.311430	11	91	98	2659.55
-2.617994	0.379747	-1.713059	99	12	98	2659.52
1.308997	0.700570	1.559208	10	4	91	2659.27
-1.570796	2.089241	-0.114193	98	86	96	2659.24
-1.308997	1.617114	-1.572037	106	84	95	2658.70
-2.094395	1.247695	1.809890	3	93	88	2658.50
0.523599	0.831641	0.616218	14	106	88	2657.90
-2.617994	1.367556	0.358405	103	84	101	2657.83
-0.261799	1.440580	2.260026	12	107	95	2657.72
-2.617994	1.982574	-1.115518	98	98	91	2657.37
1.832596	1.374601	-2.456031	1	83	97	2656.76
0.000000	0.419640	2.974122	9	102	88	2656.27
-1.832596	0.762244	-0.273349	0	82	95	2656.14
-3.141593	1.721184	-0.153948	13	95	100	2655.74
1.047198	2.455966	-0.641220	104	87	89	2655.65
1.308997	1.977582	0.969896	10	85	95	2655.50
-1.308997	2.295480	1.008277	95	93	98	2655.39
1.308997	1.242974	-2.977882	11	105	86	2655.26
2.879793	2.719179	-1.780644	14	2	86	2655.09
1.832596	2.251330	-2.330739	1	13	99	2654.43
1.570796	1.658653	-2.409879	18	86	99	2654.27
-1.570796	2.063651	-2.044600	16	101	85	2653.63
2.617994	2.033014	2.977192	105	92	95	2653.59
1.832596	1.870545	-2.976234	98	95	97	2653.50
-2.356194	2.299159	2.264663	9	90	99	2652.95
0.000000	1.450119	-2.739050	9	87	88	2652.59
-0.523599	1.948085	-2.363031	102	84	94	2652.18
0.000000	2.863997	0.549740	16	86	96	2651.98
-2.356194	0.992645	-1.723759	97	95	94	2651.38
2.356194	2.863997	0.549740	8	101	80	2651.15
-0.523599	2.247462	0.191623	106	82	97	2651.10
-2.617994	1.194549	-0.801900	98	88	100	2650.61
-2.617994	1.195355	1.200319	10	94	91	2650.40
1.832596	2.587733	0.232235	12	97	81	2649.66
1.308997	2.247462	0.191623	14	93	84	2649.56
2.879793	2.001437	0.381215	3	105	82	2648.62
2.094395	2.295480	1.008277	13	101	83	2648.07
1.308997	2.033014	2.977192	20	91	104	2647.79
-0.785398	0.831641	0.616218	3	80	101	2647.71
-1.047198	2.138223	1.678323	96	96	96	2647.22
2.094395	1.732874	-0.951685	23	102	98	2646.77
-2.094395	2.724429	-0.348782	106	83	91	2646.67
0.523599	2.299159	2.264663	104	83	98	2646.66
2.617994	1.218453	2.777284	9	99	85	2646.44
0.000000	1.391910	3.030322	1	81	100	2646.19
-2.094395	1.510910	-0.740472	5	106	82	2646.08
-1.832596	2.579248	-2.364801	97	2	90	2645.44
-0.785398	2.089241	-0.114193	104	83	96	2645.02
-2.356194	2.863997	0.549740	95	95	93	2644.95
1.832596	2.104282	-0.813972	8	84	102	2644.68
-0.261799	2.393226	1.857173	95	103	95	2643.85
2.356194	1.417623	-0.202254	17	96	90	2643.70
-0.785398	0.910508	1.903534	4	97	88	2643.67
-2.356194	1.168678	2.108595	102	89	103	2642.72
-0.785398	1.450119	-2.739050	92	106	94	2642.71
-1.047198	0.203748	0.590255	2	82	103	2642.60
-2.356194	0.615174	-0.666022	6	104	85	2642.19
0.261799	0.910508	1.903534	3	104	87	2641.85
-2.356194	0.864993	2.278281	105	15	105	2641.41
2.094395	2.187132	-0.479875	8	86	97	2641.37
-1.047198	0.914445	2.687814	98	105	95	2640.19
-1.047198	2.393226	1.857173	95	95	96	2640.16
-1.308997	2.724429	-0.348782	8	82	93	2640.11
-1.308997	1.194549	-0.801900	96	89	96	2640.11
1.570796	1.113094	-0.272241	11	87	91	2640.07
2.356194	0.496451	0.593859	9	6	90	2639.95
-0.261799	1.699788	2.452890	97	97	96	2639.77
-3.141593	1.599406	1.426070	96	106	93	2639.30
0.261799	0.419640	2.974122	99	103	90	2639.27
-3.141593	2.455966	-0.641220	14	0	85	2639.21
0.000000	0.733948	3.021411	1	83	105	2639.21
2.356194	0.458961	-0.107937	107	88	103	2638.68
-1.308997	1.809167	1.213774	11	103	89	2638.25
-1.832596	2.343981	-1.040456	100	90	93	2637.67
-3.141593	0.297065	2.160177	0	1	90	2637.59
-0.523599	1.662363	0.915448	6	79	103	2637.34
-2.356194	0.685216	-1.712745	10	91	99	2636.99
-1.570796	0.674054	1.013609	102	84	100	2636.85
-2.094395	0.619654	-2.216909	7	88	98	2636.66
-2.094395	0.080730	-2.622036	100	93	99	2636.37
0.261799	2.299159	2.264663	98	90	98	2636.35
-2.617994	2.115563	0.685730	13	93	99	2636.31
-0.785398	1.812176	0.656819	1	0	80	2636.28
2.617994	2.063651	-2.044600	100	93	94	2636.07
-2.617994	2.001437	0.381215	13	95	98	2635.88
-0.261799	0.290380	-0.796960	102	85	100	2635.76
-2.617994	0.866955	-0.931351	99	1	87	2635.43
1.308997	1.448123	-2.163292	17	85	97	2634.99
-0.261799	2.760637	2.781135	96	94	94	2634.89
2.094395	1.413430	2.550734	102	93	99	2634.44
-2.879793	0.929350	-2.910676	102	106	92	2634.40
0.785398	2.664082	-1.071402	104	86	91	2633.82
2.094395	1.391910	3.030322	13	86	93	2633.81
2.617994	1.391910	3.030322	7	99	84	2633.59
-1.308997	2.881233	-2.582574	10	5	84	2633.58
-0.785398	2.033014	2.977192	98	87	99	2633.37
1.570796	2.295480	1.008277	13	99	82	2633.28
0.785398	2.108018	1.311430	13	94	81	2633.25
1.570796	2.592629	0.909713	10	98	81	2633.12
2.879793	0.615174	-0.666022	11	104	86	2632.72
-2.356194	1.977582	0.969896	5	92	84	2632.65
-1.308997	0.379747	-1.713059	99	104	87	2632.53
-1.308997	1.909857	-0.381669	96	100	91	2632.13
-2.617994	0.418037	1.360082	99	100	99	2631.87
0.785398	1.869911	2.701025	100	87	95	2631.43
-2.356194	2.138223	1.678323	5	6	86	2631.34
2.356194	2.724429	-0.348782	103	88	95	2631.19
-1.832596	1.214854	-1.966664	100	89	95	2631.12
0.785398	1.025536	1.576859	96	0	98	2630.52
0.523599	0.297065	2.160177	2	85	100	2629.86
-2.879793	0.674054	1.013609	11	98	90	2629.10
-0.785398	0.290380	-0.796960	10	83	102	2628.86
-0.523599	1.510910	-0.740472	98	88	98	2628.86
-1.308997	0.615174	-0.666022	0	97	84	2628.57
2.617994	1.417623	-0.202254	96	97	95	2628.36
-1.832596	0.290380	-0.796960	99	100	88	2628.05
-2.094395	0.370812	-2.547742	104	104	86	2627.97
0.523599	1.545873	-1.877082	106	80	93	2627.66
2.356194	2.637879	2.121598	21	97	102	2627.35
1.570796	2.001437	0.381215	12	107	83	2626.86
2.617994	0.379747	-1.713059	105	107	88	2626.86
0.261799	1.836682	-0.676006	104	9	96	2626.80
-1.047198	1.367556	0.358405	105	5	88	2626.79
1.832596	2.187132	-0.479875	14	88	86	2626.78
1.308997	0.762244	-0.273349	22	99	105	2626.51
-0.785398	2.592629	0.909713	6	95	81	2626.49
2.356194	0.379747	-1.713059	3	85	99	2626.27
-1.570796	2.404280	-0.174044	13	0	87	2625.70
2.617994	1.310100	1.488307	100	106	95	2625.34
-1.308997	0.906588	1.252948	104	0	87	2625.18
-3.141593	1.982574	-1.115518	9	1	81	2624.78
0.785398	1.310100	1.488307	97	105	98	2624.12
2.094395	0.640596	-2.797608	15	88	90	2623.86
-1.308997	1.367556	0.358405	102	82	100	2622.48
-2.094395	1.450119	-2.739050	2	88	96	2622.45
-1.570796	2.356369	3.005869	99	87	91	2622.39
-1.308997	1.554776	0.100351	97	88	99	2622.29
1.047198	1.696674	-1.253233	16	0	86	2622.00
1.308997	1.869911	2.701025	20	92	107	2621.81
-2.617994	1.545873	-1.877082	8	107	81	2621.11
-1.570796	0.379747	-1.713059	16	1	102	2621.07
0.261799	1.998705	2.370472	10	81	100	2620.99
-0.261799	0.866955	-0.931351	105	80	94	2620.76
-3.141593	2.174483	2.653697	21	101	99	2620.11
0.000000	1.134796	2.434290	106	83	103	2619.88
2.356194	0.866955	-0.931351	104	15	99	2619.50
-0.523599	1.699788	2.452890	7	107	88	2619.32
-2.879793	2.187132	-0.479875	11	3	85	2619.28
-2.617994	2.393226	1.857173	7	3	85	2618.80
-3.141593	0.571433	-1.188419	96	10	99	2618.62
-2.879793	0.850607	-1.335383	4	1	81	2618.53
1.047198	2.108018	1.311430	13	84	100	2618.34
2.356194	2.979456	-1.009304	96	96	91	2617.88
0.261799	1.488617	1.159546	106	1	90	2617.65
1.308997	1.367556	0.358405	8	88	85	2617.64
-2.879793	1.504028	0.636812	102	86	103	2617.50
0.785398	1.242974	-2.977882	12	0	91	2617.26
-1.570796	2.393226	1.857173	92	1	95	2617.23
-2.356194	1.872854	1.543456	97	9	93	2616.72
-3.141593	0.674054	1.013609	11	99	91	2616.71
-0.785398	1.846342	-1.796954	3	83	97	2616.67
1.047198	1.699788	2.452890	17	87	105	2616.57
0.261799	1.014500	0.906702	14	107	89	2616.56
0.523599	2.704512	1.488683	11	99	81	2616.52
-1.047198	0.290380	-0.796960	107	96	86	2616.50
2.094395	2.379497	0.561089	14	99	82	2616.25
-2.356194	2.089241	-0.114193	7	4	84	2616.20
1.047198	0.458961	-0.107937	102	92	103	2615.90
0.000000	1.904882	-1.478089	4	1	80	2615.85
-2.356194	0.831641	0.616218	96	94	101	2615.70
-3.141593	1.756530	-2.105156	6	105	81	2615.21
-2.094395	1.756530	-2.105156	13	95	83	2614.07
1.570796	2.393226	1.857173	14	105	83	2613.82
2.617994	0.290380	-0.796960	104	13	93	2613.59
-0.261799	2.724429	-0.348782	21	98	97	2613.29
1.308997	1.335669	0.897240	0	104	89	2613.25
1.570796	1.045978	0.343692	104	107	89	2612.98
2.879793	2.760637	2.781135	21	97	96	2612.52
1.308997	2.393226	1.857173	13	102	82	2612.29
0.785398	1.113094	-0.272241	102	88	98	2612.08
-1.047198	1.374601	-2.456031	6	106	82	2611.98
1.308997	2.299159	2.264663	8	97	82	2611.65
1.047198	1.014500	0.906702	106	14	101	2611.33
-0.785398	2.247462	0.191623	103	83	97	2611.32
1.832596	2.349581	-2.702517	1	82	100	2611.07
-2.356194	0.910508	1.903534	100	90	104	2610.64
-2.617994	2.104282	-0.813972	11	7	89	2610.33
1.570796	1.909857	-0.381669	3	86	96	2610.30
-0.523599	1.683268	0.374177	17	102	90	2609.95
-0.261799	1.134796	2.434290	104	83	102	2609.46
2.617994	2.115563	0.685730	0	105	82	2609.34
1.570796	1.875281	0.107086	8	89	82	2609.25
1.308997	1.741644	-2.695914	9	107	84	2609.17
-0.261799	1.504028	0.636812	7	98	84	2609.06
0.785398	2.299159	2.264663	100	98	96	2608.91
1.570796	1.948085	-2.363031	4	12	100	2608.60
2.356194	2.587733	0.232235	96	0	92	2608.50
-2.356194	2.379497	0.561089	2	84	96	2608.38
-1.832596	2.478122	2.609777	10	103	84	2608.34
-2.879793	1.488617	1.159546	104	86	104	2608.13
1.570796	0.615174	-0.666022	23	101	104	2607.48
-0.523599	1.488617	1.159546	6	80	101	2607.48
-1.570796	2.704512	1.488683	94	95	97	2607.04
1.570796	0.992645	-1.723759	17	101	85	2606.93
-0.261799	2.356369	3.005869	97	97	93	2606.76
1.570796	1.214854	-1.966664	16	97	84	2606.62
0.523599	0.866395	-2.492918	12	103	86	2606.03
2.617994	1.846342	-1.796954	99	95	93	2605.91
2.094395	0.080730	-2.622036	107	1	89	2605.81
-0.523599	1.025536	1.576859	11	106	90	2605.73
-1.047198	1.998705	2.370472	96	89	100	2605.31
-2.617994	0.960688	-0.577532	6	105	84	2605.23
2.356194	2.073035	2.027405	15	94	87	2604.65
1.832596	2.041297	-2.664597	22	93	100	2604.52
2.617994	1.658653	-2.409879	103	94	92	2604.37
0.261799	1.025536	1.576859	100	101	98	2604.21
2.094395	2.704512	1.488683	7	99	80	2604.19
0.523599	2.455966	-0.641220	16	90	99	2604.14
-2.617994	0.929350	-2.910676	9	8	89	2603.90
-1.570796	1.812176	0.656819	10	102	86	2603.52
2.617994	1.214854	-1.966664	6	107	82	2603.14
-2.356194	0.929350	-2.910676	21	101	99	2602.88
-1.047198	0.571433	-1.188419	94	5	98	2602.65
2.617994	1.741644	-2.695914	16	4	88	2601.97
0.785398	2.579248	-2.364801	6	5	86	2601.74
-0.523599	2.115563	0.685730	103	103	79	2601.41
-1.047198	1.510910	-0.740472	100	85	95	2601.16
-0.261799	0.700570	1.559208	99	103	99	2601.14
2.879793	2.704512	1.488683	10	0	83	2601.12
1.570796	1.617114	-1.572037	15	1	85	2601.02
0.261799	1.256302	0.062705	3	81	96	2600.92
0.000000	0.290380	-0.796960	106	82	100	2600.74
-2.094395	2.478122	2.609777	4	107	82	2600.29
-1.832596	0.899350	-2.069907	95	106	92	2600.11
1.308997	1.875281	0.107086	17	92	86	2600.09
2.094395	2.579248	-2.364801	18	107	88	2600.06
2.879793	1.242974	-2.977882	20	97	91	2599.71
-1.047198	0.496451	0.593859	1	81	102	2599.66
-2.356194	1.113094	-0.272241	105	83	96	2599.44
-1.570796	1.168678	2.108595	4	15	101	2599.24
-1.570796	2.984978	1.954446	4	100	80	2598.94
2.356194	2.664082	-1.071402	10	0	83	2598.17
-0.261799	2.041297	-2.664597	98	87	96	2597.44
1.308997	0.866955	-0.931351	23	94	99	2597.42
2.094395	0.674054	1.013609	8	6	90	2597.06
1.832596	0.640596	-2.797608	11	7	96	2596.71
0.523599	0.700570	1.559208	96	3	96	2596.64
-2.094395	2.251330	-2.330739	20	103	90	2596.36
-0.785398	0.619654	-2.216909	92	105	97	2596.28
-1.570796	1.555207	1.708892	12	89	104	2595.61
-1.308997	1.218453	2.777284	9	1	86	2594.87
1.308997	2.001437	0.381215	16	94	84	2594.86
1.832596	2.407836	1.410646	17	8	94	2594.39
1.570796	2.174483	2.653697	7	82	96	2594.28
1.570796	0.850607	-1.335383	17	86	93	2594.06
-1.308997	2.393226	1.857173	92	107	95	2594.01
-2.617994	1.904882	-1.478089	1	104	80	2593.98
-1.832596	0.733948	3.021411	19	101	105	2593.75
1.047198	1.977582	0.969896	8	84	95	2593.58
-3.141593	2.299159	2.264663	3	105	81	2593.47
-0.785398	1.756530	-2.105156	95	95	95	2593.25
0.523599	1.977582	0.969896	9	87	84	2592.56
-2.094395	2.379497	0.561089	5	83	96	2592.47
0.000000	2.180315	-1.357379	15	90	97	2592.24
-0.523599	1.440580	2.260026	5	106	88	2592.09
-2.879793	2.407836	1.410646	8	9	90	2591.57
-2.356194	1.574060	2.783565	9	89	103	2591.48
2.879793	1.736875	3.023612	107	89	97	2591.47
0.000000	2.115563	0.685730	20	106	93	2591.45
-3.141593	2.104282	-0.813972	4	16	99	2590.76
2.617994	1.440580	2.260026	99	105	98	2590.33
2.094395	1.658653	-2.409879	9	14	100	2590.22
-3.141593	0.418037	1.360082	12	99	89	2590.16
-1.047198	1.128190	-2.288622	94	96	97	2590.14
0.000000	1.184361	0.625864	15	84	103	2589.79
2.356194	2.393226	1.857173	14	92	87	2589.46
-0.523599	2.187132	-0.479875	0	82	95	2589.23
0.785398	2.073035	2.027405	0	99	85	2589.13
2.617994	2.455966	-0.641220	7	97	79	2589.08
0.785398	2.187132	-0.479875	19	94	99	2588.82
-2.879793	1.812176	0.656819	12	93	98	2588.58
0.000000	1.699788	2.452890	96	98	96	2588.54
-0.261799	1.870545	-2.976234	6	2	85	2588.49
-2.879793	2.984978	1.954446	11	7	86	2588.33
-0.261799	2.478122	2.609777	94	91	101	2588.17
-0.261799	1.335669	0.897240	3	98	82	2588.15
-0.261799	0.080730	-2.622036	9	86	106	2587.94
-3.141593	0.080730	-2.622036	102	105	94	2587.58
-0.523599	1.721184	-0.153948	102	3	90	2587.24
-0.261799	1.417623	-0.202254	100	0	90	2587.20
0.523599	1.909857	-0.381669	102	103	90	2586.83
0.000000	1.218453	2.777284	97	97	93	2586.71
-2.617994	2.356369	3.005869	21	104	96	2586.60
-1.832596	2.187132	-0.479875	105	83	90	2586.53
0.523599	0.591903	2.010408	107	85	100	2586.43
1.047198	0.685216	-1.712745	15	94	85	2585.53
-3.141593	1.134497	-1.109631	94	3	95	2585.51
0.523599	2.138223	1.678323	104	101	86	2585.39
-2.617994	1.025536	1.576859	6	102	88	2585.15
2.879793	1.413347	-1.339188	13	92	86	2585.11
-1.570796	0.700570	1.559208	102	0	89	2584.93
1.047198	1.756530	-2.105156	8	80	100	2584.92
-1.047198	1.256302	0.062705	100	85	101	2584.76
-1.570796	0.914445	2.687814	18	100	103	2584.45
-1.047198	1.135813	-2.658866	94	96	98	2584.42
-0.785398	2.404280	-0.174044	11	82	91	2584.14
0.000000	1.554776	0.100351	7	81	100	2583.62
-2.094395	1.367556	0.358405	14	100	95	2583.44
0.261799	2.592629	0.909713	7	98	81	2583.43
0.785398	2.356369	3.005869	9	98	82	2583.19
2.879793	2.579248	-2.364801	8	84	90	2582.83
-0.785398	1.194549	-0.801900	12	87	88	2582.50
-1.832596	2.704512	1.488683	95	98	93	2582.46
2.356194	1.606104	-0.451151	18	95	90	2582.30
2.879793	0.700570	1.559208	10	99	89	2581.91
1.047198	1.488617	1.159546	21	93	91	2581.57
-2.879793	1.766067	2.153843	98	103	83	2581.20
0.523599	2.588535	-2.976617	97	103	90	2580.98
-1.570796	1.599406	1.426070	15	100	94	2580.79
-0.261799	2.115563	0.685730	19	104	94	2580.66
-1.832596	0.370812	-2.547742	101	15	99	2580.31
-1.308997	2.588535	-2.976617	2	13	94	2579.84
0.523599	0.619654	-2.216909	17	90	104	2579.60
-1.832596	2.455966	-0.641220	99	93	93	2579.36
-2.879793	1.391910	3.030322	13	9	93	2579.10
1.832596	2.455966	-0.641220	10	6	85	2579.07
2.879793	1.904882	-1.478089	13	0	81	2578.90
0.000000	1.569311	-3.003978	98	0	89	2578.70
1.047198	2.456751	-1.503343	10	1	83	2578.63
1.047198	1.812176	0.656819	15	89	86	2578.46
0.261799	1.555207	1.708892	15	84	100	2578.44
0.523599	1.325504	-1.671296	20	97	100	2578.29
-0.261799	2.588535	-2.976617	97	99	89	2578.15
-0.785398	2.073035	2.027405	95	92	99	2578.12
-2.094395	0.640596	-2.797608	98	1	93	2577.43
-0.785398	1.184361	0.625864	1	80	102	2577.41
1.832596	0.685216	-1.712745	20	104	88	2576.96
0.523599	2.456751	-1.503343	97	98	91	2576.86
-0.785398	1.948085	-2.363031	95	96	96	2576.83
-1.832596	1.599406	1.426070	9	86	104	2576.83
-1.832596	2.174483	2.653697	12	93	99	2576.82
-1.047198	1.732874	-0.951685	5	6	88	2576.76
-0.785398	0.700570	1.559208	99	7	99	2576.65
-0.523599	0.906588	1.252948	1	99	87	2576.48
0.261799	1.948085	-2.363031	103	82	96	2576.42
-0.785398	1.256302	0.062705	102	2	90	2576.33
-2.356194	2.115563	0.685730	14	96	100	2576.27
2.879793	1.448123	-2.163292	6	106	82	2576.12
1.047198	2.356369	3.005869	102	85	95	2576.08
1.832596	1.732874	-0.951685	103	102	85	2576.03
0.261799	1.450119	-2.739050	2	98	81	2575.97
1.308997	0.419640	2.974122	13	107	92	2575.41
-2.617994	1.662363	0.915448	105	85	104	2575.04
-1.047198	2.404280	-0.174044	8	81	91	2574.75
-2.879793	2.404280	-0.174044	11	0	84	2574.08
-2.879793	2.760637	2.781135	8	86	97	2574.03
-0.261799	0.992645	-1.723759	93	3	99	2573.94
-2.879793	1.014500	0.906702	94	96	103	2573.90
-1.832596	1.846342	-1.796954	13	96	83	2573.85
-1.570796	2.719179	-1.780644	20	99	91	2573.59
1.308997	1.325504	-1.671296	20	89	92	2573.21
1.308997	2.251330	-2.330739	5	97	80	2572.93
0.261799	0.961715	0.014085	12	83	101	2572.84
1.308997	2.881233	-2.582574	99	102	90	2572.71
-1.832596	2.396274	-1.959260	19	99	88	2572.67
1.308997	0.910508	1.903534	12	86	103	2572.54
-0.785398	1.998705	2.370472	99	85	100	2572.50
-1.308997	2.138223	1.678323	96	100	93	2572.28
2.094395	0.850607	-1.335383	104	93	88	2572.24
1.570796	1.846342	-1.796954	14	0	84	2572.13
-2.617994	0.618092	2.539118	103	89	102	2570.74
-0.261799	0.615174	-0.666022	106	81	98	2570.73
0.000000	1.809167	1.213774	3	84	84	2570.58
-3.141593	1.374601	-2.456031	17	90	99	2570.57
0.523599	2.180315	-1.357379	98	99	89	2570.36
-1.047198	1.134796	2.434290	7	3	88	2570.10
0.785398	1.696674	-1.253233	11	83	96	2570.10
1.047198	1.606104	-0.451151	100	5	95	2570.07
2.356194	1.242974	-2.977882	7	100	83	2569.46
-1.832596	1.977582	0.969896	7	85	107	2569.22
0.000000	2.455966	-0.641220	11	85	99	2569.18
1.832596	0.379747	-1.713059	107	85	100	2569.04
1.308997	1.658653	-2.409879	102	86	95	2567.88
2.094395	2.164094	-2.991358	7	83	102	2567.50
2.617994	0.458961	-0.107937	107	86	102	2567.48
1.308997	1.766067	2.153843	20	90	106	2567.36
0.261799	1.741644	-2.695914	7	81	97	2567.34
